{"/home/travis/build/npmtest/node-npmtest-ng2-validation/test.js":{"path":"/home/travis/build/npmtest/node-npmtest-ng2-validation/test.js","s":{"1":2,"2":2,"3":2,"4":2,"5":2,"6":2,"7":2,"8":1,"9":2,"10":2,"11":1,"12":1,"13":1,"14":1,"15":2,"16":2,"17":2,"18":2,"19":1,"20":1,"21":2,"22":2,"23":2,"24":1,"25":1,"26":1,"27":1,"28":1,"29":1,"30":1,"31":1,"32":1,"33":1,"34":1,"35":1,"36":1,"37":1,"38":1,"39":2,"40":2,"41":1,"42":2,"43":2,"44":1,"45":2,"46":2,"47":1,"48":2,"49":2,"50":1,"51":1,"52":1,"53":1,"54":1},"b":{"1":[2,1,1,1],"2":[1,1,1,1],"3":[1,1],"4":[1,1],"5":[1,1],"6":[1,1],"7":[1,1],"8":[1,1],"9":[1,1],"10":[1,1,1],"11":[1,1],"12":[1,1],"13":[1,1],"14":[1,1],"15":[1,1],"16":[1,1],"17":[1,1]},"f":{"1":2,"2":2,"3":2,"4":2,"5":2,"6":1,"7":1,"8":1,"9":2,"10":2,"11":2,"12":2,"13":1},"fnMap":{"1":{"name":"(anonymous_1)","line":12,"loc":{"start":{"line":12,"column":1},"end":{"line":12,"column":13}}},"2":{"name":"(anonymous_2)","line":19,"loc":{"start":{"line":19,"column":5},"end":{"line":19,"column":17}}},"3":{"name":"(anonymous_3)","line":23,"loc":{"start":{"line":23,"column":24},"end":{"line":23,"column":36}}},"4":{"name":"(anonymous_4)","line":61,"loc":{"start":{"line":61,"column":5},"end":{"line":61,"column":17}}},"5":{"name":"(anonymous_5)","line":82,"loc":{"start":{"line":82,"column":5},"end":{"line":82,"column":17}}},"6":{"name":"(anonymous_6)","line":91,"loc":{"start":{"line":91,"column":77},"end":{"line":94,"column":10}}},"7":{"name":"(anonymous_7)","line":112,"loc":{"start":{"line":112,"column":83},"end":{"line":115,"column":10}},"skip":true},"8":{"name":"(anonymous_8)","line":123,"loc":{"start":{"line":123,"column":77},"end":{"line":126,"column":10}},"skip":true},"9":{"name":"(anonymous_9)","line":139,"loc":{"start":{"line":139,"column":12},"end":{"line":139,"column":40}},"skip":true},"10":{"name":"(anonymous_10)","line":147,"loc":{"start":{"line":147,"column":77},"end":{"line":150,"column":10}},"skip":true},"11":{"name":"(anonymous_11)","line":158,"loc":{"start":{"line":158,"column":83},"end":{"line":161,"column":10}},"skip":true},"12":{"name":"(anonymous_12)","line":169,"loc":{"start":{"line":169,"column":79},"end":{"line":172,"column":10}},"skip":true},"13":{"name":"(anonymous_13)","line":180,"loc":{"start":{"line":180,"column":75},"end":{"line":183,"column":10}},"skip":true}},"statementMap":{"1":{"start":{"line":12,"column":0},"end":{"line":195,"column":5}},"2":{"start":{"line":14,"column":4},"end":{"line":14,"column":14}},"3":{"start":{"line":19,"column":4},"end":{"line":56,"column":9}},"4":{"start":{"line":21,"column":8},"end":{"line":21,"column":19}},"5":{"start":{"line":23,"column":8},"end":{"line":35,"column":13}},"6":{"start":{"line":24,"column":12},"end":{"line":34,"column":13}},"7":{"start":{"line":25,"column":16},"end":{"line":28,"column":30}},"8":{"start":{"line":30,"column":16},"end":{"line":33,"column":27}},"9":{"start":{"line":37,"column":8},"end":{"line":39,"column":21}},"10":{"start":{"line":40,"column":8},"end":{"line":53,"column":9}},"11":{"start":{"line":43,"column":12},"end":{"line":46,"column":14}},"12":{"start":{"line":47,"column":12},"end":{"line":47,"column":18}},"13":{"start":{"line":50,"column":12},"end":{"line":51,"column":33}},"14":{"start":{"line":52,"column":12},"end":{"line":52,"column":18}},"15":{"start":{"line":55,"column":8},"end":{"line":55,"column":35}},"16":{"start":{"line":61,"column":4},"end":{"line":63,"column":9}},"17":{"start":{"line":62,"column":8},"end":{"line":62,"column":15}},"18":{"start":{"line":64,"column":4},"end":{"line":77,"column":5}},"19":{"start":{"line":70,"column":8},"end":{"line":70,"column":14}},"20":{"start":{"line":76,"column":8},"end":{"line":76,"column":14}},"21":{"start":{"line":82,"column":4},"end":{"line":84,"column":9}},"22":{"start":{"line":83,"column":8},"end":{"line":83,"column":15}},"23":{"start":{"line":85,"column":4},"end":{"line":194,"column":5}},"24":{"start":{"line":91,"column":8},"end":{"line":99,"column":10}},"25":{"start":{"line":98,"column":12},"end":{"line":98,"column":35}},"26":{"start":{"line":102,"column":8},"end":{"line":104,"column":63}},"27":{"start":{"line":105,"column":8},"end":{"line":105,"column":14}},"28":{"start":{"line":112,"column":8},"end":{"line":121,"column":10},"skip":true},"29":{"start":{"line":119,"column":12},"end":{"line":119,"column":55},"skip":true},"30":{"start":{"line":120,"column":12},"end":{"line":120,"column":48},"skip":true},"31":{"start":{"line":123,"column":8},"end":{"line":136,"column":10},"skip":true},"32":{"start":{"line":130,"column":12},"end":{"line":130,"column":76},"skip":true},"33":{"start":{"line":131,"column":12},"end":{"line":131,"column":73},"skip":true},"34":{"start":{"line":132,"column":12},"end":{"line":132,"column":74},"skip":true},"35":{"start":{"line":133,"column":12},"end":{"line":133,"column":79},"skip":true},"36":{"start":{"line":134,"column":12},"end":{"line":134,"column":25},"skip":true},"37":{"start":{"line":135,"column":12},"end":{"line":135,"column":45},"skip":true},"38":{"start":{"line":138,"column":8},"end":{"line":145,"column":14},"skip":true},"39":{"start":{"line":143,"column":16},"end":{"line":143,"column":29},"skip":true},"40":{"start":{"line":144,"column":16},"end":{"line":144,"column":55},"skip":true},"41":{"start":{"line":147,"column":8},"end":{"line":156,"column":10},"skip":true},"42":{"start":{"line":154,"column":12},"end":{"line":154,"column":25},"skip":true},"43":{"start":{"line":155,"column":12},"end":{"line":155,"column":45},"skip":true},"44":{"start":{"line":158,"column":8},"end":{"line":167,"column":10},"skip":true},"45":{"start":{"line":165,"column":12},"end":{"line":165,"column":25},"skip":true},"46":{"start":{"line":166,"column":12},"end":{"line":166,"column":48},"skip":true},"47":{"start":{"line":169,"column":8},"end":{"line":178,"column":10},"skip":true},"48":{"start":{"line":176,"column":12},"end":{"line":176,"column":25},"skip":true},"49":{"start":{"line":177,"column":12},"end":{"line":177,"column":46},"skip":true},"50":{"start":{"line":180,"column":8},"end":{"line":189,"column":10},"skip":true},"51":{"start":{"line":187,"column":12},"end":{"line":187,"column":94},"skip":true},"52":{"start":{"line":188,"column":12},"end":{"line":188,"column":48},"skip":true},"53":{"start":{"line":192,"column":8},"end":{"line":192,"column":35},"skip":true},"54":{"start":{"line":193,"column":8},"end":{"line":193,"column":14},"skip":true}},"branchMap":{"1":{"line":25,"type":"binary-expr","locations":[{"start":{"line":25,"column":23},"end":{"line":25,"column":62}},{"start":{"line":26,"column":20},"end":{"line":26,"column":70}},{"start":{"line":27,"column":20},"end":{"line":27,"column":71}},{"start":{"line":28,"column":20},"end":{"line":28,"column":29}}]},"2":{"line":30,"type":"binary-expr","locations":[{"start":{"line":30,"column":23},"end":{"line":30,"column":37}},{"start":{"line":31,"column":20},"end":{"line":31,"column":61}},{"start":{"line":32,"column":20},"end":{"line":32,"column":70}},{"start":{"line":33,"column":20},"end":{"line":33,"column":26}}]},"3":{"line":37,"type":"cond-expr","locations":[{"start":{"line":38,"column":14},"end":{"line":38,"column":20}},{"start":{"line":39,"column":14},"end":{"line":39,"column":20}}]},"4":{"line":40,"type":"switch","locations":[{"start":{"line":42,"column":8},"end":{"line":47,"column":18}},{"start":{"line":49,"column":8},"end":{"line":52,"column":18}}]},"5":{"line":44,"type":"binary-expr","locations":[{"start":{"line":44,"column":16},"end":{"line":44,"column":44}},{"start":{"line":44,"column":48},"end":{"line":44,"column":66}}]},"6":{"line":50,"type":"binary-expr","locations":[{"start":{"line":50,"column":21},"end":{"line":50,"column":49}},{"start":{"line":50,"column":53},"end":{"line":50,"column":72}}]},"7":{"line":64,"type":"switch","locations":[{"start":{"line":69,"column":4},"end":{"line":70,"column":14}},{"start":{"line":75,"column":4},"end":{"line":76,"column":14}}]},"8":{"line":85,"type":"switch","locations":[{"start":{"line":90,"column":4},"end":{"line":105,"column":14}},{"start":{"line":111,"column":4},"end":{"line":193,"column":14},"skip":true}]},"9":{"line":91,"type":"binary-expr","locations":[{"start":{"line":91,"column":42},"end":{"line":91,"column":73}},{"start":{"line":91,"column":77},"end":{"line":99,"column":9}}]},"10":{"line":102,"type":"binary-expr","locations":[{"start":{"line":102,"column":18},"end":{"line":102,"column":32}},{"start":{"line":103,"column":12},"end":{"line":103,"column":53}},{"start":{"line":104,"column":12},"end":{"line":104,"column":61}}]},"11":{"line":112,"type":"binary-expr","locations":[{"start":{"line":112,"column":45},"end":{"line":112,"column":79},"skip":true},{"start":{"line":112,"column":83},"end":{"line":121,"column":9},"skip":true}]},"12":{"line":123,"type":"binary-expr","locations":[{"start":{"line":123,"column":42},"end":{"line":123,"column":73},"skip":true},{"start":{"line":123,"column":77},"end":{"line":136,"column":9},"skip":true}]},"13":{"line":138,"type":"binary-expr","locations":[{"start":{"line":138,"column":48},"end":{"line":138,"column":85},"skip":true},{"start":{"line":139,"column":12},"end":{"line":145,"column":13},"skip":true}]},"14":{"line":147,"type":"binary-expr","locations":[{"start":{"line":147,"column":42},"end":{"line":147,"column":73},"skip":true},{"start":{"line":147,"column":77},"end":{"line":156,"column":9},"skip":true}]},"15":{"line":158,"type":"binary-expr","locations":[{"start":{"line":158,"column":45},"end":{"line":158,"column":79},"skip":true},{"start":{"line":158,"column":83},"end":{"line":167,"column":9},"skip":true}]},"16":{"line":169,"type":"binary-expr","locations":[{"start":{"line":169,"column":43},"end":{"line":169,"column":75},"skip":true},{"start":{"line":169,"column":79},"end":{"line":178,"column":9},"skip":true}]},"17":{"line":180,"type":"binary-expr","locations":[{"start":{"line":180,"column":41},"end":{"line":180,"column":71},"skip":true},{"start":{"line":180,"column":75},"end":{"line":189,"column":9},"skip":true}]}},"code":["/* istanbul instrument in package npmtest_ng2_validation */","/*jslint","    bitwise: true,","    browser: true,","    maxerr: 8,","    maxlen: 96,","    node: true,","    nomen: true,","    regexp: true,","    stupid: true","*/","(function () {","    'use strict';","    var local;","","","","    // run shared js-env code - pre-init","    (function () {","        // init local","        local = {};","        // init modeJs","        local.modeJs = (function () {","            try {","                return typeof navigator.userAgent === 'string' &&","                    typeof document.querySelector('body') === 'object' &&","                    typeof XMLHttpRequest.prototype.open === 'function' &&","                    'browser';","            } catch (errorCaughtBrowser) {","                return module.exports &&","                    typeof process.versions.node === 'string' &&","                    typeof require('http').createServer === 'function' &&","                    'node';","            }","        }());","        // init global","        local.global = local.modeJs === 'browser'","            ? window","            : global;","        switch (local.modeJs) {","        // re-init local from window.local","        case 'browser':","            local = local.global.utility2.objectSetDefault(","                local.global.utility2_rollup || local.global.local,","                local.global.utility2","            );","            break;","        // re-init local from example.js","        case 'node':","            local = (local.global.utility2_rollup || require('utility2'))","                .requireReadme();","            break;","        }","        // export local","        local.global.local = local;","    }());","","","","    // run shared js-env code - function","    (function () {","        return;","    }());","    switch (local.modeJs) {","","","","    // run browser js-env code - function","    case 'browser':","        break;","","","","    // run node js-env code - function","    case 'node':","        break;","    }","","","","    // run shared js-env code - post-init","    (function () {","        return;","    }());","    switch (local.modeJs) {","","","","    // run browser js-env code - post-init","    case 'browser':","        local.testCase_browser_nullCase = local.testCase_browser_nullCase || function (","            options,","            onError","        ) {","        /*","         * this function will test browsers's null-case handling-behavior-behavior","         */","            onError(null, options);","        };","","        // run tests","        local.nop(local.modeTest &&","            document.querySelector('#testRunButton1') &&","            document.querySelector('#testRunButton1').click());","        break;","","","","    // run node js-env code - post-init","    /* istanbul ignore next */","    case 'node':","        local.testCase_buildApidoc_default = local.testCase_buildApidoc_default || function (","            options,","            onError","        ) {","        /*","         * this function will test buildApidoc's default handling-behavior-behavior","         */","            options = { modulePathList: module.paths };","            local.buildApidoc(options, onError);","        };","","        local.testCase_buildApp_default = local.testCase_buildApp_default || function (","            options,","            onError","        ) {","        /*","         * this function will test buildApp's default handling-behavior-behavior","         */","            local.testCase_buildReadme_default(options, local.onErrorThrow);","            local.testCase_buildLib_default(options, local.onErrorThrow);","            local.testCase_buildTest_default(options, local.onErrorThrow);","            local.testCase_buildCustomOrg_default(options, local.onErrorThrow);","            options = [];","            local.buildApp(options, onError);","        };","","        local.testCase_buildCustomOrg_default = local.testCase_buildCustomOrg_default ||","            function (options, onError) {","            /*","             * this function will test buildCustomOrg's default handling-behavior","             */","                options = {};","                local.buildCustomOrg(options, onError);","            };","","        local.testCase_buildLib_default = local.testCase_buildLib_default || function (","            options,","            onError","        ) {","        /*","         * this function will test buildLib's default handling-behavior","         */","            options = {};","            local.buildLib(options, onError);","        };","","        local.testCase_buildReadme_default = local.testCase_buildReadme_default || function (","            options,","            onError","        ) {","        /*","         * this function will test buildReadme's default handling-behavior-behavior","         */","            options = {};","            local.buildReadme(options, onError);","        };","","        local.testCase_buildTest_default = local.testCase_buildTest_default || function (","            options,","            onError","        ) {","        /*","         * this function will test buildTest's default handling-behavior","         */","            options = {};","            local.buildTest(options, onError);","        };","","        local.testCase_webpage_default = local.testCase_webpage_default || function (","            options,","            onError","        ) {","        /*","         * this function will test webpage's default handling-behavior","         */","            options = { modeCoverageMerge: true, url: local.serverLocalHost + '?modeTest=1' };","            local.browserTest(options, onError);","        };","","        // run test-server","        local.testRunServer(local);","        break;","    }","}());",""],"l":{"12":2,"14":2,"19":2,"21":2,"23":2,"24":2,"25":2,"30":1,"37":2,"40":2,"43":1,"47":1,"50":1,"52":1,"55":2,"61":2,"62":2,"64":2,"70":1,"76":1,"82":2,"83":2,"85":2,"91":1,"98":1,"102":1,"105":1,"112":1,"119":1,"120":1,"123":1,"130":1,"131":1,"132":1,"133":1,"134":1,"135":1,"138":1,"143":2,"144":2,"147":1,"154":2,"155":2,"158":1,"165":2,"166":2,"169":1,"176":2,"177":2,"180":1,"187":1,"188":1,"192":1,"193":1}},"/home/travis/build/npmtest/node-npmtest-ng2-validation/lib.npmtest_ng2_validation.js":{"path":"/home/travis/build/npmtest/node-npmtest-ng2-validation/lib.npmtest_ng2_validation.js","s":{"1":2,"2":2,"3":2,"4":2,"5":2,"6":2,"7":2,"8":1,"9":2,"10":2,"11":2,"12":2,"13":1,"14":1,"15":1,"16":1},"b":{"1":[2,1,1,1],"2":[1,1,1,1],"3":[1,1],"4":[2,2],"5":[1,1]},"f":{"1":2,"2":2,"3":2},"fnMap":{"1":{"name":"(anonymous_1)","line":12,"loc":{"start":{"line":12,"column":1},"end":{"line":12,"column":13}}},"2":{"name":"(anonymous_2)","line":19,"loc":{"start":{"line":19,"column":5},"end":{"line":19,"column":17}}},"3":{"name":"(anonymous_3)","line":23,"loc":{"start":{"line":23,"column":24},"end":{"line":23,"column":36}}}},"statementMap":{"1":{"start":{"line":12,"column":0},"end":{"line":53,"column":5}},"2":{"start":{"line":14,"column":4},"end":{"line":14,"column":14}},"3":{"start":{"line":19,"column":4},"end":{"line":52,"column":9}},"4":{"start":{"line":21,"column":8},"end":{"line":21,"column":19}},"5":{"start":{"line":23,"column":8},"end":{"line":35,"column":13}},"6":{"start":{"line":24,"column":12},"end":{"line":34,"column":13}},"7":{"start":{"line":25,"column":16},"end":{"line":28,"column":30}},"8":{"start":{"line":30,"column":16},"end":{"line":33,"column":27}},"9":{"start":{"line":37,"column":8},"end":{"line":39,"column":21}},"10":{"start":{"line":41,"column":8},"end":{"line":41,"column":54}},"11":{"start":{"line":43,"column":8},"end":{"line":43,"column":59}},"12":{"start":{"line":45,"column":8},"end":{"line":51,"column":9}},"13":{"start":{"line":46,"column":12},"end":{"line":46,"column":65}},"14":{"start":{"line":48,"column":12},"end":{"line":48,"column":35}},"15":{"start":{"line":49,"column":12},"end":{"line":49,"column":49}},"16":{"start":{"line":50,"column":12},"end":{"line":50,"column":43}}},"branchMap":{"1":{"line":25,"type":"binary-expr","locations":[{"start":{"line":25,"column":23},"end":{"line":25,"column":62}},{"start":{"line":26,"column":20},"end":{"line":26,"column":70}},{"start":{"line":27,"column":20},"end":{"line":27,"column":71}},{"start":{"line":28,"column":20},"end":{"line":28,"column":29}}]},"2":{"line":30,"type":"binary-expr","locations":[{"start":{"line":30,"column":23},"end":{"line":30,"column":37}},{"start":{"line":31,"column":20},"end":{"line":31,"column":61}},{"start":{"line":32,"column":20},"end":{"line":32,"column":70}},{"start":{"line":33,"column":20},"end":{"line":33,"column":26}}]},"3":{"line":37,"type":"cond-expr","locations":[{"start":{"line":38,"column":14},"end":{"line":38,"column":20}},{"start":{"line":39,"column":14},"end":{"line":39,"column":20}}]},"4":{"line":41,"type":"binary-expr","locations":[{"start":{"line":41,"column":16},"end":{"line":41,"column":44}},{"start":{"line":41,"column":48},"end":{"line":41,"column":53}}]},"5":{"line":45,"type":"if","locations":[{"start":{"line":45,"column":8},"end":{"line":45,"column":8}},{"start":{"line":45,"column":8},"end":{"line":45,"column":8}}]}},"code":["/* istanbul instrument in package npmtest_ng2_validation */","/*jslint","    bitwise: true,","    browser: true,","    maxerr: 8,","    maxlen: 96,","    node: true,","    nomen: true,","    regexp: true,","    stupid: true","*/","(function () {","    'use strict';","    var local;","","","","    // run shared js-env code - pre-init","    (function () {","        // init local","        local = {};","        // init modeJs","        local.modeJs = (function () {","            try {","                return typeof navigator.userAgent === 'string' &&","                    typeof document.querySelector('body') === 'object' &&","                    typeof XMLHttpRequest.prototype.open === 'function' &&","                    'browser';","            } catch (errorCaughtBrowser) {","                return module.exports &&","                    typeof process.versions.node === 'string' &&","                    typeof require('http').createServer === 'function' &&","                    'node';","            }","        }());","        // init global","        local.global = local.modeJs === 'browser'","            ? window","            : global;","        // init utility2_rollup","        local = local.global.utility2_rollup || local;","        // init lib","        local.local = local.npmtest_ng2_validation = local;","        // init exports","        if (local.modeJs === 'browser') {","            local.global.utility2_npmtest_ng2_validation = local;","        } else {","            module.exports = local;","            module.exports.__dirname = __dirname;","            module.exports.module = module;","        }","    }());","}());",""],"l":{"12":2,"14":2,"19":2,"21":2,"23":2,"24":2,"25":2,"30":1,"37":2,"41":2,"43":2,"45":2,"46":1,"48":1,"49":1,"50":1}},"/home/travis/build/npmtest/node-npmtest-ng2-validation/example.js":{"path":"/home/travis/build/npmtest/node-npmtest-ng2-validation/example.js","s":{"1":2,"2":2,"3":2,"4":2,"5":2,"6":2,"7":2,"8":1,"9":2,"10":2,"11":2,"12":2,"13":1,"14":2,"15":2,"16":2,"17":2,"18":2,"19":0,"20":2,"21":1,"22":1,"23":1,"24":1,"25":1,"26":0,"27":0,"28":1,"29":1,"30":2,"31":0,"32":0,"33":0,"34":1,"35":2,"36":2,"37":3,"38":3,"39":3,"40":3,"41":0,"42":3,"43":3,"44":3,"45":1,"46":3,"47":1,"48":1,"49":1,"50":1,"51":1,"52":1,"53":1,"54":1,"55":1,"56":1,"57":0,"58":1,"59":6,"60":6,"61":1,"62":2,"63":0,"64":2,"65":1,"66":1,"67":0,"68":0,"69":0,"70":0,"71":0,"72":0,"73":0,"74":0,"75":0,"76":0,"77":0,"78":0,"79":0,"80":0,"81":0,"82":0,"83":0},"b":{"1":[2,1,1,1],"2":[1,1,1,1],"3":[1,1],"4":[2,2],"5":[1,1],"6":[1,1],"7":[2,0],"8":[2,1,1,1,1,1],"9":[0,2,0],"10":[1,1],"11":[2,1,1],"12":[1,0],"13":[0,2],"14":[2,0,0,0,0,0,0],"15":[0,3],"16":[3,0],"17":[1,1],"18":[0,1],"19":[1,2,0,2],"20":[1,0],"21":[1,1],"22":[0,0],"23":[0,0],"24":[0,0],"25":[0,0],"26":[0,0],"27":[0,0],"28":[0,0]},"f":{"1":2,"2":2,"3":2,"4":2,"5":2,"6":2,"7":3,"8":3,"9":3,"10":1,"11":6,"12":0},"fnMap":{"1":{"name":"(anonymous_1)","line":26,"loc":{"start":{"line":26,"column":1},"end":{"line":26,"column":13}}},"2":{"name":"(anonymous_2)","line":33,"loc":{"start":{"line":33,"column":5},"end":{"line":33,"column":17}}},"3":{"name":"(anonymous_3)","line":37,"loc":{"start":{"line":37,"column":24},"end":{"line":37,"column":36}}},"4":{"name":"(anonymous_4)","line":69,"loc":{"start":{"line":69,"column":31},"end":{"line":69,"column":48}},"skip":true},"5":{"name":"(anonymous_5)","line":78,"loc":{"start":{"line":78,"column":26},"end":{"line":78,"column":45}},"skip":true},"6":{"name":"(anonymous_6)","line":123,"loc":{"start":{"line":123,"column":33},"end":{"line":123,"column":48}},"skip":true},"7":{"name":"(anonymous_7)","line":125,"loc":{"start":{"line":125,"column":27},"end":{"line":125,"column":39}},"skip":true},"8":{"name":"(anonymous_8)","line":133,"loc":{"start":{"line":133,"column":59},"end":{"line":133,"column":74}},"skip":true},"9":{"name":"(anonymous_9)","line":143,"loc":{"start":{"line":143,"column":45},"end":{"line":143,"column":62}},"skip":true},"10":{"name":"(anonymous_10)","line":144,"loc":{"start":{"line":144,"column":73},"end":{"line":144,"column":92}},"skip":true},"11":{"name":"(anonymous_11)","line":272,"loc":{"start":{"line":272,"column":51},"end":{"line":272,"column":77}},"skip":true},"12":{"name":"(anonymous_12)","line":315,"loc":{"start":{"line":315,"column":32},"end":{"line":315,"column":61}},"skip":true}},"statementMap":{"1":{"start":{"line":26,"column":0},"end":{"line":326,"column":5}},"2":{"start":{"line":28,"column":4},"end":{"line":28,"column":14}},"3":{"start":{"line":33,"column":4},"end":{"line":60,"column":9}},"4":{"start":{"line":35,"column":8},"end":{"line":35,"column":19}},"5":{"start":{"line":37,"column":8},"end":{"line":49,"column":13}},"6":{"start":{"line":38,"column":12},"end":{"line":48,"column":13}},"7":{"start":{"line":39,"column":16},"end":{"line":42,"column":30}},"8":{"start":{"line":44,"column":16},"end":{"line":47,"column":27}},"9":{"start":{"line":51,"column":8},"end":{"line":53,"column":21}},"10":{"start":{"line":55,"column":8},"end":{"line":57,"column":45}},"11":{"start":{"line":59,"column":8},"end":{"line":59,"column":35}},"12":{"start":{"line":61,"column":4},"end":{"line":325,"column":5}},"13":{"start":{"line":69,"column":8},"end":{"line":121,"column":10},"skip":true},"14":{"start":{"line":70,"column":12},"end":{"line":88,"column":13},"skip":true},"15":{"start":{"line":76,"column":16},"end":{"line":87,"column":19},"skip":true},"16":{"start":{"line":79,"column":20},"end":{"line":86,"column":21},"skip":true},"17":{"start":{"line":82,"column":24},"end":{"line":82,"column":43},"skip":true},"18":{"start":{"line":83,"column":24},"end":{"line":83,"column":30},"skip":true},"19":{"start":{"line":85,"column":24},"end":{"line":85,"column":49},"skip":true},"20":{"start":{"line":89,"column":12},"end":{"line":107,"column":13},"skip":true},"21":{"start":{"line":92,"column":16},"end":{"line":102,"column":17},"skip":true},"22":{"start":{"line":93,"column":20},"end":{"line":93,"column":86},"skip":true},"23":{"start":{"line":94,"column":20},"end":{"line":95,"column":45},"skip":true},"24":{"start":{"line":96,"column":20},"end":{"line":96,"column":42},"skip":true},"25":{"start":{"line":97,"column":20},"end":{"line":97,"column":48},"skip":true},"26":{"start":{"line":100,"column":20},"end":{"line":100,"column":85},"skip":true},"27":{"start":{"line":101,"column":20},"end":{"line":101,"column":96},"skip":true},"28":{"start":{"line":103,"column":16},"end":{"line":103,"column":22},"skip":true},"29":{"start":{"line":106,"column":16},"end":{"line":106,"column":22},"skip":true},"30":{"start":{"line":108,"column":12},"end":{"line":120,"column":13},"skip":true},"31":{"start":{"line":114,"column":16},"end":{"line":119,"column":17},"skip":true},"32":{"start":{"line":116,"column":20},"end":{"line":116,"column":78},"skip":true},"33":{"start":{"line":118,"column":20},"end":{"line":118,"column":47},"skip":true},"34":{"start":{"line":123,"column":8},"end":{"line":141,"column":11},"skip":true},"35":{"start":{"line":124,"column":12},"end":{"line":124,"column":54},"skip":true},"36":{"start":{"line":125,"column":12},"end":{"line":140,"column":14},"skip":true},"37":{"start":{"line":126,"column":16},"end":{"line":126,"column":28},"skip":true},"38":{"start":{"line":127,"column":16},"end":{"line":127,"column":69},"skip":true},"39":{"start":{"line":128,"column":16},"end":{"line":128,"column":75},"skip":true},"40":{"start":{"line":129,"column":16},"end":{"line":131,"column":17},"skip":true},"41":{"start":{"line":130,"column":20},"end":{"line":130,"column":27},"skip":true},"42":{"start":{"line":133,"column":16},"end":{"line":137,"column":36},"skip":true},"43":{"start":{"line":134,"column":20},"end":{"line":136,"column":55},"skip":true},"44":{"start":{"line":139,"column":16},"end":{"line":139,"column":57},"skip":true},"45":{"start":{"line":143,"column":8},"end":{"line":147,"column":11},"skip":true},"46":{"start":{"line":144,"column":12},"end":{"line":146,"column":15},"skip":true},"47":{"start":{"line":145,"column":16},"end":{"line":145,"column":70},"skip":true},"48":{"start":{"line":149,"column":8},"end":{"line":149,"column":31},"skip":true},"49":{"start":{"line":150,"column":8},"end":{"line":150,"column":14},"skip":true},"50":{"start":{"line":158,"column":8},"end":{"line":158,"column":31},"skip":true},"51":{"start":{"line":160,"column":8},"end":{"line":160,"column":33},"skip":true},"52":{"start":{"line":161,"column":8},"end":{"line":161,"column":37},"skip":true},"53":{"start":{"line":162,"column":8},"end":{"line":162,"column":35},"skip":true},"54":{"start":{"line":164,"column":8},"end":{"line":164,"column":50},"skip":true},"55":{"start":{"line":166,"column":8},"end":{"line":256,"column":2},"skip":true},"56":{"start":{"line":258,"column":8},"end":{"line":286,"column":9},"skip":true},"57":{"start":{"line":259,"column":12},"end":{"line":269,"column":14},"skip":true},"58":{"start":{"line":271,"column":12},"end":{"line":285,"column":19},"skip":true},"59":{"start":{"line":274,"column":20},"end":{"line":274,"column":35},"skip":true},"60":{"start":{"line":275,"column":20},"end":{"line":284,"column":21},"skip":true},"61":{"start":{"line":277,"column":24},"end":{"line":277,"column":64},"skip":true},"62":{"start":{"line":279,"column":24},"end":{"line":279,"column":40},"skip":true},"63":{"start":{"line":281,"column":24},"end":{"line":281,"column":40},"skip":true},"64":{"start":{"line":283,"column":24},"end":{"line":283,"column":39},"skip":true},"65":{"start":{"line":288,"column":8},"end":{"line":290,"column":9},"skip":true},"66":{"start":{"line":289,"column":12},"end":{"line":289,"column":18},"skip":true},"67":{"start":{"line":291,"column":8},"end":{"line":293,"column":54},"skip":true},"68":{"start":{"line":296,"column":8},"end":{"line":301,"column":37},"skip":true},"69":{"start":{"line":303,"column":8},"end":{"line":303,"column":82},"skip":true},"70":{"start":{"line":306,"column":8},"end":{"line":308,"column":9},"skip":true},"71":{"start":{"line":307,"column":12},"end":{"line":307,"column":82},"skip":true},"72":{"start":{"line":310,"column":8},"end":{"line":312,"column":9},"skip":true},"73":{"start":{"line":311,"column":12},"end":{"line":311,"column":18},"skip":true},"74":{"start":{"line":313,"column":8},"end":{"line":313,"column":54},"skip":true},"75":{"start":{"line":314,"column":8},"end":{"line":314,"column":69},"skip":true},"76":{"start":{"line":315,"column":8},"end":{"line":323,"column":36},"skip":true},"77":{"start":{"line":316,"column":12},"end":{"line":316,"column":61},"skip":true},"78":{"start":{"line":317,"column":12},"end":{"line":320,"column":13},"skip":true},"79":{"start":{"line":318,"column":16},"end":{"line":318,"column":75},"skip":true},"80":{"start":{"line":319,"column":16},"end":{"line":319,"column":23},"skip":true},"81":{"start":{"line":321,"column":12},"end":{"line":321,"column":38},"skip":true},"82":{"start":{"line":322,"column":12},"end":{"line":322,"column":27},"skip":true},"83":{"start":{"line":324,"column":8},"end":{"line":324,"column":14},"skip":true}},"branchMap":{"1":{"line":39,"type":"binary-expr","locations":[{"start":{"line":39,"column":23},"end":{"line":39,"column":62}},{"start":{"line":40,"column":20},"end":{"line":40,"column":70}},{"start":{"line":41,"column":20},"end":{"line":41,"column":71}},{"start":{"line":42,"column":20},"end":{"line":42,"column":29}}]},"2":{"line":44,"type":"binary-expr","locations":[{"start":{"line":44,"column":23},"end":{"line":44,"column":37}},{"start":{"line":45,"column":20},"end":{"line":45,"column":61}},{"start":{"line":46,"column":20},"end":{"line":46,"column":70}},{"start":{"line":47,"column":20},"end":{"line":47,"column":26}}]},"3":{"line":51,"type":"cond-expr","locations":[{"start":{"line":52,"column":14},"end":{"line":52,"column":20}},{"start":{"line":53,"column":14},"end":{"line":53,"column":20}}]},"4":{"line":55,"type":"binary-expr","locations":[{"start":{"line":55,"column":16},"end":{"line":55,"column":44}},{"start":{"line":55,"column":49},"end":{"line":57,"column":43}}]},"5":{"line":55,"type":"cond-expr","locations":[{"start":{"line":56,"column":14},"end":{"line":56,"column":58}},{"start":{"line":57,"column":14},"end":{"line":57,"column":43}}]},"6":{"line":61,"type":"switch","locations":[{"start":{"line":68,"column":4},"end":{"line":150,"column":14},"skip":true},{"start":{"line":156,"column":4},"end":{"line":324,"column":14},"skip":true}]},"7":{"line":70,"type":"if","locations":[{"start":{"line":70,"column":12},"end":{"line":70,"column":12},"skip":true},{"start":{"line":70,"column":12},"end":{"line":70,"column":12},"skip":true}]},"8":{"line":70,"type":"binary-expr","locations":[{"start":{"line":70,"column":16},"end":{"line":70,"column":22},"skip":true},{"start":{"line":70,"column":27},"end":{"line":70,"column":32},"skip":true},{"start":{"line":71,"column":20},"end":{"line":71,"column":39},"skip":true},{"start":{"line":72,"column":20},"end":{"line":72,"column":49},"skip":true},{"start":{"line":73,"column":20},"end":{"line":73,"column":58},"skip":true},{"start":{"line":74,"column":20},"end":{"line":74,"column":69},"skip":true}]},"9":{"line":79,"type":"switch","locations":[{"start":{"line":80,"column":20},"end":{"line":80,"column":33},"skip":true},{"start":{"line":81,"column":20},"end":{"line":83,"column":30},"skip":true},{"start":{"line":84,"column":20},"end":{"line":85,"column":49},"skip":true}]},"10":{"line":89,"type":"switch","locations":[{"start":{"line":90,"column":12},"end":{"line":103,"column":22},"skip":true},{"start":{"line":105,"column":12},"end":{"line":106,"column":22},"skip":true}]},"11":{"line":89,"type":"binary-expr","locations":[{"start":{"line":89,"column":20},"end":{"line":89,"column":25},"skip":true},{"start":{"line":89,"column":29},"end":{"line":89,"column":48},"skip":true},{"start":{"line":89,"column":52},"end":{"line":89,"column":74},"skip":true}]},"12":{"line":92,"type":"if","locations":[{"start":{"line":92,"column":16},"end":{"line":92,"column":16},"skip":true},{"start":{"line":92,"column":16},"end":{"line":92,"column":16},"skip":true}]},"13":{"line":108,"type":"if","locations":[{"start":{"line":108,"column":12},"end":{"line":108,"column":12},"skip":true},{"start":{"line":108,"column":12},"end":{"line":108,"column":12},"skip":true}]},"14":{"line":108,"type":"binary-expr","locations":[{"start":{"line":108,"column":16},"end":{"line":108,"column":61},"skip":true},{"start":{"line":108,"column":66},"end":{"line":108,"column":72},"skip":true},{"start":{"line":108,"column":77},"end":{"line":108,"column":82},"skip":true},{"start":{"line":109,"column":20},"end":{"line":109,"column":39},"skip":true},{"start":{"line":110,"column":20},"end":{"line":110,"column":49},"skip":true},{"start":{"line":111,"column":20},"end":{"line":111,"column":58},"skip":true},{"start":{"line":112,"column":20},"end":{"line":112,"column":68},"skip":true}]},"15":{"line":129,"type":"if","locations":[{"start":{"line":129,"column":16},"end":{"line":129,"column":16},"skip":true},{"start":{"line":129,"column":16},"end":{"line":129,"column":16},"skip":true}]},"16":{"line":134,"type":"cond-expr","locations":[{"start":{"line":135,"column":26},"end":{"line":135,"column":29},"skip":true},{"start":{"line":136,"column":26},"end":{"line":136,"column":54},"skip":true}]},"17":{"line":164,"type":"binary-expr","locations":[{"start":{"line":164,"column":27},"end":{"line":164,"column":43},"skip":true},{"start":{"line":164,"column":47},"end":{"line":164,"column":49},"skip":true}]},"18":{"line":258,"type":"if","locations":[{"start":{"line":258,"column":8},"end":{"line":258,"column":8},"skip":true},{"start":{"line":258,"column":8},"end":{"line":258,"column":8},"skip":true}]},"19":{"line":275,"type":"switch","locations":[{"start":{"line":276,"column":20},"end":{"line":277,"column":64},"skip":true},{"start":{"line":278,"column":20},"end":{"line":279,"column":40},"skip":true},{"start":{"line":280,"column":20},"end":{"line":281,"column":40},"skip":true},{"start":{"line":282,"column":20},"end":{"line":283,"column":39},"skip":true}]},"20":{"line":288,"type":"if","locations":[{"start":{"line":288,"column":8},"end":{"line":288,"column":8},"skip":true},{"start":{"line":288,"column":8},"end":{"line":288,"column":8},"skip":true}]},"21":{"line":288,"type":"binary-expr","locations":[{"start":{"line":288,"column":12},"end":{"line":288,"column":40},"skip":true},{"start":{"line":288,"column":44},"end":{"line":288,"column":67},"skip":true}]},"22":{"line":292,"type":"binary-expr","locations":[{"start":{"line":292,"column":12},"end":{"line":292,"column":50},"skip":true},{"start":{"line":293,"column":12},"end":{"line":293,"column":53},"skip":true}]},"23":{"line":297,"type":"binary-expr","locations":[{"start":{"line":297,"column":12},"end":{"line":297,"column":72},"skip":true},{"start":{"line":298,"column":12},"end":{"line":301,"column":36},"skip":true}]},"24":{"line":303,"type":"binary-expr","locations":[{"start":{"line":303,"column":43},"end":{"line":303,"column":75},"skip":true},{"start":{"line":303,"column":79},"end":{"line":303,"column":81},"skip":true}]},"25":{"line":306,"type":"if","locations":[{"start":{"line":306,"column":8},"end":{"line":306,"column":8},"skip":true},{"start":{"line":306,"column":8},"end":{"line":306,"column":8},"skip":true}]},"26":{"line":310,"type":"if","locations":[{"start":{"line":310,"column":8},"end":{"line":310,"column":8},"skip":true},{"start":{"line":310,"column":8},"end":{"line":310,"column":8},"skip":true}]},"27":{"line":313,"type":"binary-expr","locations":[{"start":{"line":313,"column":27},"end":{"line":313,"column":43},"skip":true},{"start":{"line":313,"column":47},"end":{"line":313,"column":53},"skip":true}]},"28":{"line":317,"type":"if","locations":[{"start":{"line":317,"column":12},"end":{"line":317,"column":12},"skip":true},{"start":{"line":317,"column":12},"end":{"line":317,"column":12},"skip":true}]}},"code":["/*","example.js","","quickstart example","","instruction","    1. save this script as example.js","    2. run the shell command:","        $ npm install npmtest-ng2-validation && PORT=8081 node example.js","    3. play with the browser-demo on http://127.0.0.1:8081","*/","","","","/* istanbul instrument in package npmtest_ng2_validation */","/*jslint","    bitwise: true,","    browser: true,","    maxerr: 8,","    maxlen: 96,","    node: true,","    nomen: true,","    regexp: true,","    stupid: true","*/","(function () {","    'use strict';","    var local;","","","","    // run shared js-env code - pre-init","    (function () {","        // init local","        local = {};","        // init modeJs","        local.modeJs = (function () {","            try {","                return typeof navigator.userAgent === 'string' &&","                    typeof document.querySelector('body') === 'object' &&","                    typeof XMLHttpRequest.prototype.open === 'function' &&","                    'browser';","            } catch (errorCaughtBrowser) {","                return module.exports &&","                    typeof process.versions.node === 'string' &&","                    typeof require('http').createServer === 'function' &&","                    'node';","            }","        }());","        // init global","        local.global = local.modeJs === 'browser'","            ? window","            : global;","        // init utility2_rollup","        local = local.global.utility2_rollup || (local.modeJs === 'browser'","            ? local.global.utility2_npmtest_ng2_validation","            : global.utility2_moduleExports);","        // export local","        local.global.local = local;","    }());","    switch (local.modeJs) {","","","","    // post-init","    // run browser js-env code - post-init","    /* istanbul ignore next */","    case 'browser':","        local.testRunBrowser = function (event) {","            if (!event || (event &&","                    event.currentTarget &&","                    event.currentTarget.className &&","                    event.currentTarget.className.includes &&","                    event.currentTarget.className.includes('onreset'))) {","                // reset output","                Array.from(","                    document.querySelectorAll('body > .resettable')","                ).forEach(function (element) {","                    switch (element.tagName) {","                    case 'INPUT':","                    case 'TEXTAREA':","                        element.value = '';","                        break;","                    default:","                        element.textContent = '';","                    }","                });","            }","            switch (event && event.currentTarget && event.currentTarget.id) {","            case 'testRunButton1':","                // show tests","                if (document.querySelector('#testReportDiv1').style.display === 'none') {","                    document.querySelector('#testReportDiv1').style.display = 'block';","                    document.querySelector('#testRunButton1').textContent =","                        'hide internal test';","                    local.modeTest = true;","                    local.testRunDefault(local);","                // hide tests","                } else {","                    document.querySelector('#testReportDiv1').style.display = 'none';","                    document.querySelector('#testRunButton1').textContent = 'run internal test';","                }","                break;","            // custom-case","            default:","                break;","            }","            if (document.querySelector('#inputTextareaEval1') && (!event || (event &&","                    event.currentTarget &&","                    event.currentTarget.className &&","                    event.currentTarget.className.includes &&","                    event.currentTarget.className.includes('oneval')))) {","                // try to eval input-code","                try {","                    /*jslint evil: true*/","                    eval(document.querySelector('#inputTextareaEval1').value);","                } catch (errorCaught) {","                    console.error(errorCaught);","                }","            }","        };","        // log stderr and stdout to #outputTextareaStdout1","        ['error', 'log'].forEach(function (key) {","            console[key + '_original'] = console[key];","            console[key] = function () {","                var element;","                console[key + '_original'].apply(console, arguments);","                element = document.querySelector('#outputTextareaStdout1');","                if (!element) {","                    return;","                }","                // append text to #outputTextareaStdout1","                element.value += Array.from(arguments).map(function (arg) {","                    return typeof arg === 'string'","                        ? arg","                        : JSON.stringify(arg, null, 4);","                }).join(' ') + '\\n';","                // scroll textarea to bottom","                element.scrollTop = element.scrollHeight;","            };","        });","        // init event-handling","        ['change', 'click', 'keyup'].forEach(function (event) {","            Array.from(document.querySelectorAll('.on' + event)).forEach(function (element) {","                element.addEventListener(event, local.testRunBrowser);","            });","        });","        // run tests","        local.testRunBrowser();","        break;","","","","    // run node js-env code - post-init","    /* istanbul ignore next */","    case 'node':","        // export local","        module.exports = local;","        // require modules","        local.fs = require('fs');","        local.http = require('http');","        local.url = require('url');","        // init assets","        local.assetsDict = local.assetsDict || {};","        /* jslint-ignore-begin */","        local.assetsDict['/assets.index.template.html'] = '\\","<!doctype html>\\n\\","<html lang=\"en\">\\n\\","<head>\\n\\","<meta charset=\"UTF-8\">\\n\\","<meta name=\"viewport\" content=\"width=device-width, initial-scale=1\">\\n\\","<title>{{env.npm_package_name}} (v{{env.npm_package_version}})</title>\\n\\","<style>\\n\\","/*csslint\\n\\","    box-sizing: false,\\n\\","    universal-selector: false\\n\\","*/\\n\\","* {\\n\\","    box-sizing: border-box;\\n\\","}\\n\\","body {\\n\\","    background: #dde;\\n\\","    font-family: Arial, Helvetica, sans-serif;\\n\\","    margin: 2rem;\\n\\","}\\n\\","body > * {\\n\\","    margin-bottom: 1rem;\\n\\","}\\n\\",".utility2FooterDiv {\\n\\","    margin-top: 20px;\\n\\","    text-align: center;\\n\\","}\\n\\","</style>\\n\\","<style>\\n\\","/*csslint\\n\\","*/\\n\\","textarea {\\n\\","    font-family: monospace;\\n\\","    height: 10rem;\\n\\","    width: 100%;\\n\\","}\\n\\","textarea[readonly] {\\n\\","    background: #ddd;\\n\\","}\\n\\","</style>\\n\\","</head>\\n\\","<body>\\n\\","<!-- utility2-comment\\n\\","<div id=\"ajaxProgressDiv1\" style=\"background: #d00; height: 2px; left: 0; margin: 0; padding: 0; position: fixed; top: 0; transition: background 0.5s, width 1.5s; width: 25%;\"></div>\\n\\","utility2-comment -->\\n\\","<h1>\\n\\","<!-- utility2-comment\\n\\","    <a\\n\\","        {{#if env.npm_package_homepage}}\\n\\","        href=\"{{env.npm_package_homepage}}\"\\n\\","        {{/if env.npm_package_homepage}}\\n\\","        target=\"_blank\"\\n\\","    >\\n\\","utility2-comment -->\\n\\","        {{env.npm_package_name}} (v{{env.npm_package_version}})\\n\\","<!-- utility2-comment\\n\\","    </a>\\n\\","utility2-comment -->\\n\\","</h1>\\n\\","<h3>{{env.npm_package_description}}</h3>\\n\\","<!-- utility2-comment\\n\\","<h4><a download href=\"assets.app.js\">download standalone app</a></h4>\\n\\","<button class=\"onclick onreset\" id=\"testRunButton1\">run internal test</button><br>\\n\\","<div id=\"testReportDiv1\" style=\"display: none;\"></div>\\n\\","utility2-comment -->\\n\\","\\n\\","\\n\\","\\n\\","<label>stderr and stdout</label>\\n\\","<textarea class=\"resettable\" id=\"outputTextareaStdout1\" readonly></textarea>\\n\\","<!-- utility2-comment\\n\\","{{#if isRollup}}\\n\\","<script src=\"assets.app.js\"></script>\\n\\","{{#unless isRollup}}\\n\\","utility2-comment -->\\n\\","<script src=\"assets.utility2.rollup.js\"></script>\\n\\","<script src=\"jsonp.utility2._stateInit?callback=window.utility2._stateInit\"></script>\\n\\","<script src=\"assets.npmtest_ng2_validation.rollup.js\"></script>\\n\\","<script src=\"assets.example.js\"></script>\\n\\","<script src=\"assets.test.js\"></script>\\n\\","<!-- utility2-comment\\n\\","{{/if isRollup}}\\n\\","utility2-comment -->\\n\\","<div class=\"utility2FooterDiv\">\\n\\","    [ this app was created with\\n\\","    <a href=\"https://github.com/kaizhu256/node-utility2\" target=\"_blank\">utility2</a>\\n\\","    ]\\n\\","</div>\\n\\","</body>\\n\\","</html>\\n\\","';","        /* jslint-ignore-end */","        if (local.templateRender) {","            local.assetsDict['/'] = local.templateRender(","                local.assetsDict['/assets.index.template.html'],","                {","                    env: local.objectSetDefault(local.env, {","                        npm_package_description: 'the greatest app in the world!',","                        npm_package_name: 'my-app',","                        npm_package_nameAlias: 'my_app',","                        npm_package_version: '0.0.1'","                    })","                }","            );","        } else {","            local.assetsDict['/'] = local.assetsDict['/assets.index.template.html']","                .replace((/\\{\\{env\\.(\\w+?)\\}\\}/g), function (match0, match1) {","                    // jslint-hack","                    String(match0);","                    switch (match1) {","                    case 'npm_package_description':","                        return 'the greatest app in the world!';","                    case 'npm_package_name':","                        return 'my-app';","                    case 'npm_package_nameAlias':","                        return 'my_app';","                    case 'npm_package_version':","                        return '0.0.1';","                    }","                });","        }","        // run the cli","        if (local.global.utility2_rollup || module !== require.main) {","            break;","        }","        local.assetsDict['/assets.example.js'] =","            local.assetsDict['/assets.example.js'] ||","            local.fs.readFileSync(__filename, 'utf8');","        // bug-workaround - long $npm_package_buildCustomOrg","        /* jslint-ignore-begin */","        local.assetsDict['/assets.npmtest_ng2_validation.rollup.js'] =","            local.assetsDict['/assets.npmtest_ng2_validation.rollup.js'] ||","            local.fs.readFileSync(","                local.npmtest_ng2_validation.__dirname + '/lib.npmtest_ng2_validation.js',","                'utf8'","            ).replace((/^#!/), '//');","        /* jslint-ignore-end */","        local.assetsDict['/favicon.ico'] = local.assetsDict['/favicon.ico'] || '';","        // if $npm_config_timeout_exit exists,","        // then exit this process after $npm_config_timeout_exit ms","        if (Number(process.env.npm_config_timeout_exit)) {","            setTimeout(process.exit, Number(process.env.npm_config_timeout_exit));","        }","        // start server","        if (local.global.utility2_serverHttp1) {","            break;","        }","        process.env.PORT = process.env.PORT || '8081';","        console.error('server starting on port ' + process.env.PORT);","        local.http.createServer(function (request, response) {","            request.urlParsed = local.url.parse(request.url);","            if (local.assetsDict[request.urlParsed.pathname] !== undefined) {","                response.end(local.assetsDict[request.urlParsed.pathname]);","                return;","            }","            response.statusCode = 404;","            response.end();","        }).listen(process.env.PORT);","        break;","    }","}());",""],"l":{"26":2,"28":2,"33":2,"35":2,"37":2,"38":2,"39":2,"44":1,"51":2,"55":2,"59":2,"61":2,"69":1,"70":2,"76":2,"79":2,"82":2,"83":2,"85":1,"89":2,"92":1,"93":1,"94":1,"96":1,"97":1,"100":1,"101":1,"103":1,"106":1,"108":2,"114":1,"116":1,"118":1,"123":1,"124":2,"125":2,"126":3,"127":3,"128":3,"129":3,"130":1,"133":3,"134":3,"139":3,"143":1,"144":3,"145":1,"149":1,"150":1,"158":1,"160":1,"161":1,"162":1,"164":1,"166":1,"258":1,"259":1,"271":1,"274":6,"275":6,"277":1,"279":2,"281":1,"283":2,"288":1,"289":1,"291":1,"296":1,"303":1,"306":1,"307":1,"310":1,"311":1,"313":1,"314":1,"315":1,"316":1,"317":1,"318":1,"319":1,"321":1,"322":1,"324":1}},"/home/travis/build/npmtest/node-npmtest-ng2-validation/node_modules/ng2-validation/dist/index.js":{"path":"/home/travis/build/npmtest/node-npmtest-ng2-validation/node_modules/ng2-validation/dist/index.js","s":{"1":2,"2":2,"3":0,"4":0,"5":0,"6":0,"7":0,"8":0,"9":0,"10":0,"11":0,"12":0,"13":0,"14":0,"15":0,"16":0,"17":0,"18":0,"19":0,"20":0,"21":0,"22":0,"23":0,"24":0,"25":0,"26":0,"27":0,"28":0,"29":0,"30":0,"31":1,"32":0,"33":0,"34":0,"35":0,"36":0},"b":{},"f":{"1":0,"2":0,"3":0},"fnMap":{"1":{"name":"(anonymous_1)","line":83,"loc":{"start":{"line":83,"column":25},"end":{"line":83,"column":37}}},"2":{"name":"CustomFormsModule","line":84,"loc":{"start":{"line":84,"column":4},"end":{"line":84,"column":33}}},"3":{"name":"(anonymous_3)","line":95,"loc":{"start":{"line":95,"column":35},"end":{"line":95,"column":47}}}},"statementMap":{"1":{"start":{"line":2,"column":0},"end":{"line":2,"column":62}},"2":{"start":{"line":3,"column":0},"end":{"line":3,"column":38}},"3":{"start":{"line":4,"column":0},"end":{"line":4,"column":35}},"4":{"start":{"line":5,"column":0},"end":{"line":5,"column":45}},"5":{"start":{"line":6,"column":0},"end":{"line":6,"column":31}},"6":{"start":{"line":7,"column":0},"end":{"line":7,"column":39}},"7":{"start":{"line":8,"column":0},"end":{"line":8,"column":35}},"8":{"start":{"line":9,"column":0},"end":{"line":9,"column":33}},"9":{"start":{"line":10,"column":0},"end":{"line":10,"column":33}},"10":{"start":{"line":11,"column":0},"end":{"line":11,"column":39}},"11":{"start":{"line":12,"column":0},"end":{"line":12,"column":47}},"12":{"start":{"line":13,"column":0},"end":{"line":13,"column":59}},"13":{"start":{"line":14,"column":0},"end":{"line":14,"column":31}},"14":{"start":{"line":15,"column":0},"end":{"line":15,"column":41}},"15":{"start":{"line":16,"column":0},"end":{"line":16,"column":53}},"16":{"start":{"line":17,"column":0},"end":{"line":17,"column":29}},"17":{"start":{"line":18,"column":0},"end":{"line":18,"column":39}},"18":{"start":{"line":19,"column":0},"end":{"line":19,"column":29}},"19":{"start":{"line":20,"column":0},"end":{"line":20,"column":39}},"20":{"start":{"line":21,"column":0},"end":{"line":21,"column":41}},"21":{"start":{"line":22,"column":0},"end":{"line":22,"column":47}},"22":{"start":{"line":23,"column":0},"end":{"line":23,"column":35}},"23":{"start":{"line":24,"column":0},"end":{"line":24,"column":33}},"24":{"start":{"line":25,"column":0},"end":{"line":25,"column":33}},"25":{"start":{"line":26,"column":0},"end":{"line":26,"column":47}},"26":{"start":{"line":27,"column":0},"end":{"line":27,"column":29}},"27":{"start":{"line":28,"column":0},"end":{"line":28,"column":31}},"28":{"start":{"line":29,"column":0},"end":{"line":55,"column":2}},"29":{"start":{"line":56,"column":0},"end":{"line":82,"column":2}},"30":{"start":{"line":83,"column":0},"end":{"line":87,"column":5}},"31":{"start":{"line":84,"column":4},"end":{"line":85,"column":5}},"32":{"start":{"line":86,"column":4},"end":{"line":86,"column":29}},"33":{"start":{"line":88,"column":0},"end":{"line":93,"column":2}},"34":{"start":{"line":95,"column":0},"end":{"line":95,"column":62}},"35":{"start":{"line":95,"column":49},"end":{"line":95,"column":59}},"36":{"start":{"line":96,"column":0},"end":{"line":96,"column":46}}},"branchMap":{},"code":["\"use strict\";","Object.defineProperty(exports, \"__esModule\", { value: true });","var core_1 = require(\"@angular/core\");","var base64_1 = require(\"./base64\");","var credit_card_1 = require(\"./credit-card\");","var date_1 = require(\"./date\");","var date_ios_1 = require(\"./date-ios\");","var digits_1 = require(\"./digits\");","var email_1 = require(\"./email\");","var equal_1 = require(\"./equal\");","var equal_to_1 = require(\"./equal-to\");","var greater_than_1 = require(\"./greater-than\");","var greater_than_equal_1 = require(\"./greater-than-equal\");","var json_1 = require(\"./json\");","var less_than_1 = require(\"./less-than\");","var less_than_equal_1 = require(\"./less-than-equal\");","var max_1 = require(\"./max\");","var max_date_1 = require(\"./max-date\");","var min_1 = require(\"./min\");","var min_date_1 = require(\"./min-date\");","var not_equal_1 = require(\"./not-equal\");","var not_equal_to_1 = require(\"./not-equal-to\");","var number_1 = require(\"./number\");","var phone_1 = require(\"./phone\");","var range_1 = require(\"./range\");","var range_length_1 = require(\"./range-length\");","var url_1 = require(\"./url\");","var uuid_1 = require(\"./uuid\");","exports.CustomValidators = {","    base64: base64_1.base64,","    creditCard: credit_card_1.creditCard,","    date: date_1.date,","    dateISO: date_ios_1.dateISO,","    digits: digits_1.digits,","    email: email_1.email,","    equal: equal_1.equal,","    equalTo: equal_to_1.equalTo,","    gt: greater_than_1.gt,","    gte: greater_than_equal_1.gte,","    json: json_1.json,","    lt: less_than_1.lt,","    lte: less_than_equal_1.lte,","    max: max_1.max,","    maxDate: max_date_1.maxDate,","    min: min_1.min,","    minDate: min_date_1.minDate,","    notEqual: not_equal_1.notEqual,","    notEqualTo: not_equal_to_1.notEqualTo,","    number: number_1.number,","    phone: phone_1.phone,","    range: range_1.range,","    rangeLength: range_length_1.rangeLength,","    url: url_1.url,","    uuid: uuid_1.uuid","};","var CUSTOM_FORM_DIRECTIVES = [","    base64_1.Base64Validator,","    credit_card_1.CreditCardValidator,","    date_1.DateValidator,","    date_ios_1.DateISOValidator,","    digits_1.DigitsValidator,","    email_1.EmailValidator,","    equal_1.EqualValidator,","    equal_to_1.EqualToValidator,","    greater_than_1.GreaterThanValidator,","    greater_than_equal_1.GreaterThanEqualValidator,","    json_1.JSONValidator,","    less_than_1.LessThanValidator,","    less_than_equal_1.LessThanEqualValidator,","    max_1.MaxValidator,","    max_date_1.MaxDateValidator,","    min_1.MinValidator,","    min_date_1.MinDateValidator,","    not_equal_1.NotEqualValidator,","    not_equal_to_1.NotEqualToValidator,","    number_1.NumberValidator,","    phone_1.PhoneValidator,","    range_1.RangeValidator,","    range_length_1.RangeLengthValidator,","    url_1.UrlValidator,","    uuid_1.UUIDValidator","];","var CustomFormsModule = (function () {","    function CustomFormsModule() {","    }","    return CustomFormsModule;","}());","CustomFormsModule.decorators = [","    { type: core_1.NgModule, args: [{","                declarations: [CUSTOM_FORM_DIRECTIVES],","                exports: [CUSTOM_FORM_DIRECTIVES]","            },] },","];","/** @nocollapse */","CustomFormsModule.ctorParameters = function () { return []; };","exports.CustomFormsModule = CustomFormsModule;","//# sourceMappingURL=index.js.map"],"l":{"2":2,"3":2,"4":0,"5":0,"6":0,"7":0,"8":0,"9":0,"10":0,"11":0,"12":0,"13":0,"14":0,"15":0,"16":0,"17":0,"18":0,"19":0,"20":0,"21":0,"22":0,"23":0,"24":0,"25":0,"26":0,"27":0,"28":0,"29":0,"56":0,"83":0,"84":1,"86":0,"88":0,"95":0,"96":0}},"/home/travis/build/npmtest/node-npmtest-ng2-validation/node_modules/ng2-validation/bundles/ng2-validation.umd.js":{"path":"/home/travis/build/npmtest/node-npmtest-ng2-validation/node_modules/ng2-validation/bundles/ng2-validation.umd.js","s":{"1":2,"2":2,"3":1,"4":0,"5":0,"6":0,"7":0,"8":0,"9":0,"10":0,"11":1,"12":0,"13":0,"14":0,"15":0,"16":0,"17":1,"18":0,"19":0,"20":0,"21":0,"22":1,"23":0,"24":1,"25":0,"26":0,"27":0,"28":0,"29":0,"30":0,"31":0,"32":0,"33":0,"34":1,"35":0,"36":0,"37":0,"38":0,"39":0,"40":0,"41":0,"42":0,"43":0,"44":0,"45":0,"46":0,"47":0,"48":0,"49":0,"50":0,"51":0,"52":0,"53":0,"54":0,"55":0,"56":0,"57":0,"58":0,"59":0,"60":0,"61":0,"62":0,"63":0,"64":0,"65":0,"66":1,"67":0,"68":0,"69":0,"70":0,"71":0,"72":0,"73":0,"74":0,"75":0,"76":0,"77":0,"78":0,"79":1,"80":0,"81":0,"82":0,"83":0,"84":0,"85":0,"86":0,"87":0,"88":0,"89":0,"90":0,"91":0,"92":1,"93":0,"94":0,"95":0,"96":0,"97":0,"98":0,"99":0,"100":0,"101":0,"102":0,"103":0,"104":0,"105":1,"106":0,"107":0,"108":0,"109":0,"110":0,"111":0,"112":0,"113":0,"114":0,"115":0,"116":0,"117":0,"118":1,"119":0,"120":0,"121":0,"122":0,"123":0,"124":0,"125":0,"126":0,"127":0,"128":0,"129":0,"130":0,"131":0,"132":0,"133":0,"134":0,"135":0,"136":0,"137":0,"138":0,"139":0,"140":0,"141":0,"142":0,"143":1,"144":0,"145":0,"146":0,"147":0,"148":0,"149":0,"150":0,"151":0,"152":0,"153":0,"154":0,"155":0,"156":0,"157":0,"158":0,"159":0,"160":0,"161":0,"162":0,"163":0,"164":1,"165":0,"166":0,"167":0,"168":0,"169":0,"170":0,"171":0,"172":0,"173":0,"174":0,"175":0,"176":0,"177":0,"178":0,"179":0,"180":0,"181":0,"182":0,"183":0,"184":0,"185":0,"186":0,"187":0,"188":0,"189":0,"190":0,"191":1,"192":0,"193":0,"194":0,"195":0,"196":0,"197":0,"198":0,"199":0,"200":0,"201":0,"202":0,"203":0,"204":0,"205":0,"206":0,"207":0,"208":0,"209":0,"210":0,"211":0,"212":0,"213":0,"214":0,"215":0,"216":0,"217":0,"218":1,"219":0,"220":0,"221":0,"222":0,"223":0,"224":0,"225":0,"226":0,"227":0,"228":0,"229":0,"230":0,"231":0,"232":0,"233":0,"234":0,"235":1,"236":0,"237":0,"238":0,"239":0,"240":0,"241":0,"242":0,"243":0,"244":0,"245":0,"246":0,"247":0,"248":0,"249":0,"250":0,"251":0,"252":0,"253":0,"254":0,"255":0,"256":0,"257":0,"258":0,"259":0,"260":0,"261":0,"262":1,"263":0,"264":0,"265":0,"266":0,"267":0,"268":0,"269":0,"270":0,"271":0,"272":0,"273":0,"274":0,"275":0,"276":0,"277":0,"278":0,"279":0,"280":0,"281":0,"282":0,"283":0,"284":0,"285":0,"286":0,"287":0,"288":0,"289":1,"290":0,"291":0,"292":0,"293":0,"294":0,"295":0,"296":0,"297":0,"298":0,"299":0,"300":0,"301":0,"302":0,"303":0,"304":0,"305":0,"306":0,"307":0,"308":0,"309":0,"310":0,"311":0,"312":0,"313":0,"314":0,"315":0,"316":1,"317":0,"318":0,"319":0,"320":0,"321":0,"322":0,"323":0,"324":0,"325":0,"326":0,"327":0,"328":0,"329":0,"330":0,"331":0,"332":0,"333":0,"334":0,"335":0,"336":0,"337":0,"338":0,"339":0,"340":0,"341":0,"342":0,"343":0,"344":0,"345":0,"346":0,"347":1,"348":0,"349":0,"350":0,"351":0,"352":0,"353":0,"354":0,"355":0,"356":0,"357":0,"358":0,"359":0,"360":0,"361":0,"362":0,"363":0,"364":0,"365":0,"366":0,"367":0,"368":0,"369":0,"370":0,"371":0,"372":0,"373":0,"374":1,"375":0,"376":0,"377":0,"378":0,"379":0,"380":0,"381":0,"382":0,"383":0,"384":0,"385":0,"386":0,"387":0,"388":0,"389":0,"390":0,"391":0,"392":0,"393":0,"394":0,"395":0,"396":0,"397":0,"398":0,"399":0,"400":0,"401":0,"402":0,"403":0,"404":0,"405":1,"406":0,"407":0,"408":0,"409":0,"410":0,"411":0,"412":0,"413":0,"414":0,"415":0,"416":0,"417":0,"418":0,"419":0,"420":0,"421":0,"422":0,"423":0,"424":0,"425":0,"426":0,"427":0,"428":0,"429":0,"430":1,"431":0,"432":0,"433":0,"434":0,"435":0,"436":0,"437":0,"438":0,"439":0,"440":0,"441":0,"442":0,"443":0,"444":0,"445":0,"446":0,"447":0,"448":0,"449":0,"450":0,"451":1,"452":0,"453":0,"454":0,"455":0,"456":0,"457":0,"458":0,"459":0,"460":0,"461":0,"462":0,"463":0,"464":1,"465":0,"466":0,"467":0,"468":0,"469":0,"470":0,"471":0,"472":0,"473":0,"474":0,"475":0,"476":0,"477":0,"478":0,"479":0,"480":0,"481":0,"482":0,"483":0,"484":0,"485":0,"486":0,"487":0,"488":0,"489":1,"490":0,"491":0,"492":0,"493":0,"494":0,"495":0,"496":0,"497":0,"498":0,"499":0,"500":0,"501":0,"502":0,"503":0,"504":0,"505":0,"506":0,"507":0,"508":0,"509":0,"510":0,"511":0,"512":0,"513":0,"514":0,"515":0,"516":1,"517":0,"518":0,"519":0,"520":0,"521":0,"522":0,"523":0,"524":0,"525":0,"526":0,"527":0,"528":0,"529":0,"530":0,"531":0,"532":0,"533":0,"534":0,"535":0,"536":0,"537":0,"538":0,"539":0,"540":0,"541":0,"542":0,"543":1,"544":0,"545":0,"546":0,"547":0,"548":0,"549":0,"550":0,"551":0,"552":0,"553":0,"554":0,"555":0,"556":1,"557":0,"558":0,"559":0,"560":0,"561":0,"562":0,"563":0,"564":0,"565":0,"566":0,"567":0,"568":0,"569":0,"570":0,"571":0,"572":0,"573":0,"574":0,"575":0,"576":0,"577":0,"578":0,"579":0,"580":0,"581":0,"582":0,"583":1,"584":0,"585":0,"586":0,"587":0},"b":{"1":[2,0],"2":[2,2],"3":[0,0],"4":[0,0],"5":[0,0],"6":[0,0],"7":[0,0],"8":[0,0],"9":[0,0],"10":[0,0],"11":[0,0],"12":[0,0],"13":[0,0],"14":[0,0],"15":[0,0,0],"16":[0,0],"17":[0,0],"18":[0,0],"19":[0,0],"20":[0,0],"21":[0,0],"22":[0,0],"23":[0,0],"24":[0,0],"25":[0,0],"26":[0,0],"27":[0,0],"28":[0,0],"29":[0,0],"30":[0,0],"31":[0,0],"32":[0,0],"33":[0,0],"34":[0,0],"35":[0,0],"36":[0,0],"37":[0,0],"38":[0,0],"39":[0,0,0],"40":[0,0],"41":[0,0],"42":[0,0],"43":[0,0],"44":[0,0],"45":[0,0],"46":[0,0],"47":[0,0],"48":[0,0],"49":[0,0],"50":[0,0],"51":[0,0],"52":[0,0],"53":[0,0],"54":[0,0],"55":[0,0],"56":[0,0],"57":[0,0],"58":[0,0],"59":[0,0],"60":[0,0],"61":[0,0],"62":[0,0],"63":[0,0],"64":[0,0],"65":[0,0],"66":[0,0],"67":[0,0],"68":[0,0],"69":[0,0],"70":[0,0],"71":[0,0],"72":[0,0],"73":[0,0],"74":[0,0],"75":[0,0],"76":[0,0],"77":[0,0],"78":[0,0],"79":[0,0],"80":[0,0],"81":[0,0],"82":[0,0],"83":[0,0],"84":[0,0],"85":[0,0],"86":[0,0],"87":[0,0],"88":[0,0],"89":[0,0],"90":[0,0],"91":[0,0],"92":[0,0],"93":[0,0],"94":[0,0],"95":[0,0],"96":[0,0,0],"97":[0,0],"98":[0,0],"99":[0,0],"100":[0,0],"101":[0,0],"102":[0,0],"103":[0,0],"104":[0,0],"105":[0,0],"106":[0,0],"107":[0,0],"108":[0,0],"109":[0,0],"110":[0,0],"111":[0,0],"112":[0,0],"113":[0,0],"114":[0,0],"115":[0,0],"116":[0,0],"117":[0,0],"118":[0,0],"119":[0,0],"120":[0,0],"121":[0,0],"122":[0,0],"123":[0,0],"124":[0,0]},"f":{"1":2,"2":0,"3":0,"4":0,"5":0,"6":0,"7":0,"8":0,"9":0,"10":0,"11":0,"12":0,"13":0,"14":0,"15":0,"16":0,"17":0,"18":0,"19":0,"20":0,"21":0,"22":0,"23":0,"24":0,"25":0,"26":0,"27":0,"28":0,"29":0,"30":0,"31":0,"32":0,"33":0,"34":0,"35":0,"36":0,"37":0,"38":0,"39":0,"40":0,"41":0,"42":0,"43":0,"44":0,"45":0,"46":0,"47":0,"48":0,"49":0,"50":0,"51":0,"52":0,"53":0,"54":0,"55":0,"56":0,"57":0,"58":0,"59":0,"60":0,"61":0,"62":0,"63":0,"64":0,"65":0,"66":0,"67":0,"68":0,"69":0,"70":0,"71":0,"72":0,"73":0,"74":0,"75":0,"76":0,"77":0,"78":0,"79":0,"80":0,"81":0,"82":0,"83":0,"84":0,"85":0,"86":0,"87":0,"88":0,"89":0,"90":0,"91":0,"92":0,"93":0,"94":0,"95":0,"96":0,"97":0,"98":0,"99":0,"100":0,"101":0,"102":0,"103":0,"104":0,"105":0,"106":0,"107":0,"108":0,"109":0,"110":0,"111":0,"112":0,"113":0,"114":0,"115":0,"116":0,"117":0,"118":0,"119":0,"120":0,"121":0,"122":0,"123":0,"124":0,"125":0,"126":0,"127":0,"128":0,"129":0,"130":0,"131":0,"132":0,"133":0,"134":0,"135":0,"136":0,"137":0,"138":0,"139":0,"140":0,"141":0,"142":0,"143":0,"144":0,"145":0,"146":0,"147":0,"148":0,"149":0,"150":0,"151":0,"152":0,"153":0,"154":0,"155":0,"156":0,"157":0,"158":0,"159":0,"160":0,"161":0,"162":0,"163":0,"164":0,"165":0,"166":0,"167":0,"168":0,"169":0,"170":0,"171":0,"172":0,"173":0,"174":0,"175":0,"176":0,"177":0,"178":0,"179":0,"180":0,"181":0,"182":0,"183":0,"184":0,"185":0,"186":0,"187":0,"188":0,"189":0,"190":0,"191":0,"192":0,"193":0,"194":0,"195":0},"fnMap":{"1":{"name":"(anonymous_1)","line":1,"loc":{"start":{"line":1,"column":1},"end":{"line":1,"column":28}}},"2":{"name":"(anonymous_2)","line":5,"loc":{"start":{"line":5,"column":9},"end":{"line":5,"column":74}}},"3":{"name":"__decorate","line":7,"loc":{"start":{"line":7,"column":0},"end":{"line":7,"column":51}}},"4":{"name":"__metadata","line":14,"loc":{"start":{"line":14,"column":0},"end":{"line":14,"column":26}}},"5":{"name":"(anonymous_5)","line":20,"loc":{"start":{"line":20,"column":42},"end":{"line":20,"column":54}}},"6":{"name":"(anonymous_6)","line":23,"loc":{"start":{"line":23,"column":26},"end":{"line":23,"column":38}}},"7":{"name":"Base64Validator$$1","line":24,"loc":{"start":{"line":24,"column":4},"end":{"line":24,"column":34}}},"8":{"name":"(anonymous_8)","line":26,"loc":{"start":{"line":26,"column":44},"end":{"line":26,"column":57}}},"9":{"name":"isPresent","line":38,"loc":{"start":{"line":38,"column":0},"end":{"line":38,"column":24}}},"10":{"name":"isDate","line":41,"loc":{"start":{"line":41,"column":0},"end":{"line":41,"column":21}}},"11":{"name":"(anonymous_11)","line":45,"loc":{"start":{"line":45,"column":13},"end":{"line":45,"column":32}}},"12":{"name":"(anonymous_12)","line":54,"loc":{"start":{"line":54,"column":42},"end":{"line":54,"column":54}}},"13":{"name":"(anonymous_13)","line":57,"loc":{"start":{"line":57,"column":30},"end":{"line":57,"column":42}}},"14":{"name":"CreditCardValidator$$1","line":58,"loc":{"start":{"line":58,"column":4},"end":{"line":58,"column":38}}},"15":{"name":"(anonymous_15)","line":60,"loc":{"start":{"line":60,"column":48},"end":{"line":60,"column":61}}},"16":{"name":"(anonymous_16)","line":72,"loc":{"start":{"line":72,"column":17},"end":{"line":72,"column":36}}},"17":{"name":"(anonymous_17)","line":110,"loc":{"start":{"line":110,"column":42},"end":{"line":110,"column":54}}},"18":{"name":"(anonymous_18)","line":113,"loc":{"start":{"line":113,"column":24},"end":{"line":113,"column":36}}},"19":{"name":"DateValidator$$1","line":114,"loc":{"start":{"line":114,"column":4},"end":{"line":114,"column":32}}},"20":{"name":"(anonymous_20)","line":116,"loc":{"start":{"line":116,"column":42},"end":{"line":116,"column":55}}},"21":{"name":"(anonymous_21)","line":128,"loc":{"start":{"line":128,"column":11},"end":{"line":128,"column":30}}},"22":{"name":"(anonymous_22)","line":137,"loc":{"start":{"line":137,"column":42},"end":{"line":137,"column":54}}},"23":{"name":"(anonymous_23)","line":140,"loc":{"start":{"line":140,"column":27},"end":{"line":140,"column":39}}},"24":{"name":"DateISOValidator$$1","line":141,"loc":{"start":{"line":141,"column":4},"end":{"line":141,"column":35}}},"25":{"name":"(anonymous_25)","line":143,"loc":{"start":{"line":143,"column":45},"end":{"line":143,"column":58}}},"26":{"name":"(anonymous_26)","line":155,"loc":{"start":{"line":155,"column":14},"end":{"line":155,"column":33}}},"27":{"name":"(anonymous_27)","line":164,"loc":{"start":{"line":164,"column":42},"end":{"line":164,"column":54}}},"28":{"name":"(anonymous_28)","line":167,"loc":{"start":{"line":167,"column":26},"end":{"line":167,"column":38}}},"29":{"name":"DigitsValidator$$1","line":168,"loc":{"start":{"line":168,"column":4},"end":{"line":168,"column":34}}},"30":{"name":"(anonymous_30)","line":170,"loc":{"start":{"line":170,"column":44},"end":{"line":170,"column":57}}},"31":{"name":"(anonymous_31)","line":182,"loc":{"start":{"line":182,"column":13},"end":{"line":182,"column":32}}},"32":{"name":"(anonymous_32)","line":191,"loc":{"start":{"line":191,"column":42},"end":{"line":191,"column":54}}},"33":{"name":"(anonymous_33)","line":194,"loc":{"start":{"line":194,"column":25},"end":{"line":194,"column":37}}},"34":{"name":"EmailValidator$$1","line":195,"loc":{"start":{"line":195,"column":4},"end":{"line":195,"column":33}}},"35":{"name":"(anonymous_35)","line":197,"loc":{"start":{"line":197,"column":43},"end":{"line":197,"column":56}}},"36":{"name":"(anonymous_36)","line":209,"loc":{"start":{"line":209,"column":12},"end":{"line":209,"column":31}}},"37":{"name":"(anonymous_37)","line":218,"loc":{"start":{"line":218,"column":42},"end":{"line":218,"column":54}}},"38":{"name":"(anonymous_38)","line":221,"loc":{"start":{"line":221,"column":25},"end":{"line":221,"column":37}}},"39":{"name":"EqualValidator$$1","line":222,"loc":{"start":{"line":222,"column":4},"end":{"line":222,"column":33}}},"40":{"name":"(anonymous_40)","line":224,"loc":{"start":{"line":224,"column":43},"end":{"line":224,"column":55}}},"41":{"name":"(anonymous_41)","line":227,"loc":{"start":{"line":227,"column":46},"end":{"line":227,"column":65}}},"42":{"name":"(anonymous_42)","line":236,"loc":{"start":{"line":236,"column":43},"end":{"line":236,"column":56}}},"43":{"name":"(anonymous_43)","line":239,"loc":{"start":{"line":239,"column":60},"end":{"line":239,"column":74}}},"44":{"name":"(anonymous_44)","line":255,"loc":{"start":{"line":255,"column":12},"end":{"line":255,"column":27}}},"45":{"name":"(anonymous_45)","line":256,"loc":{"start":{"line":256,"column":11},"end":{"line":256,"column":30}}},"46":{"name":"(anonymous_46)","line":266,"loc":{"start":{"line":266,"column":42},"end":{"line":266,"column":54}}},"47":{"name":"(anonymous_47)","line":269,"loc":{"start":{"line":269,"column":27},"end":{"line":269,"column":39}}},"48":{"name":"EqualToValidator$$1","line":270,"loc":{"start":{"line":270,"column":4},"end":{"line":270,"column":35}}},"49":{"name":"(anonymous_49)","line":272,"loc":{"start":{"line":272,"column":45},"end":{"line":272,"column":57}}},"50":{"name":"(anonymous_50)","line":275,"loc":{"start":{"line":275,"column":45},"end":{"line":275,"column":58}}},"51":{"name":"(anonymous_51)","line":292,"loc":{"start":{"line":292,"column":14},"end":{"line":292,"column":38}}},"52":{"name":"(anonymous_52)","line":294,"loc":{"start":{"line":294,"column":11},"end":{"line":294,"column":30}}},"53":{"name":"(anonymous_53)","line":297,"loc":{"start":{"line":297,"column":48},"end":{"line":297,"column":60}}},"54":{"name":"(anonymous_54)","line":308,"loc":{"start":{"line":308,"column":42},"end":{"line":308,"column":54}}},"55":{"name":"(anonymous_55)","line":311,"loc":{"start":{"line":311,"column":31},"end":{"line":311,"column":43}}},"56":{"name":"GreaterThanValidator$$1","line":312,"loc":{"start":{"line":312,"column":4},"end":{"line":312,"column":39}}},"57":{"name":"(anonymous_57)","line":314,"loc":{"start":{"line":314,"column":49},"end":{"line":314,"column":61}}},"58":{"name":"(anonymous_58)","line":317,"loc":{"start":{"line":317,"column":52},"end":{"line":317,"column":71}}},"59":{"name":"(anonymous_59)","line":326,"loc":{"start":{"line":326,"column":49},"end":{"line":326,"column":62}}},"60":{"name":"(anonymous_60)","line":329,"loc":{"start":{"line":329,"column":66},"end":{"line":329,"column":80}}},"61":{"name":"(anonymous_61)","line":345,"loc":{"start":{"line":345,"column":9},"end":{"line":345,"column":23}}},"62":{"name":"(anonymous_62)","line":346,"loc":{"start":{"line":346,"column":11},"end":{"line":346,"column":30}}},"63":{"name":"(anonymous_63)","line":358,"loc":{"start":{"line":358,"column":42},"end":{"line":358,"column":54}}},"64":{"name":"(anonymous_64)","line":361,"loc":{"start":{"line":361,"column":36},"end":{"line":361,"column":48}}},"65":{"name":"GreaterThanEqualValidator$$1","line":362,"loc":{"start":{"line":362,"column":4},"end":{"line":362,"column":44}}},"66":{"name":"(anonymous_66)","line":364,"loc":{"start":{"line":364,"column":54},"end":{"line":364,"column":66}}},"67":{"name":"(anonymous_67)","line":367,"loc":{"start":{"line":367,"column":57},"end":{"line":367,"column":76}}},"68":{"name":"(anonymous_68)","line":376,"loc":{"start":{"line":376,"column":54},"end":{"line":376,"column":67}}},"69":{"name":"(anonymous_69)","line":379,"loc":{"start":{"line":379,"column":71},"end":{"line":379,"column":85}}},"70":{"name":"(anonymous_70)","line":395,"loc":{"start":{"line":395,"column":10},"end":{"line":395,"column":25}}},"71":{"name":"(anonymous_71)","line":396,"loc":{"start":{"line":396,"column":11},"end":{"line":396,"column":30}}},"72":{"name":"(anonymous_72)","line":408,"loc":{"start":{"line":408,"column":42},"end":{"line":408,"column":54}}},"73":{"name":"(anonymous_73)","line":411,"loc":{"start":{"line":411,"column":24},"end":{"line":411,"column":36}}},"74":{"name":"JSONValidator$$1","line":412,"loc":{"start":{"line":412,"column":4},"end":{"line":412,"column":32}}},"75":{"name":"(anonymous_75)","line":414,"loc":{"start":{"line":414,"column":42},"end":{"line":414,"column":55}}},"76":{"name":"(anonymous_76)","line":426,"loc":{"start":{"line":426,"column":11},"end":{"line":426,"column":30}}},"77":{"name":"(anonymous_77)","line":443,"loc":{"start":{"line":443,"column":42},"end":{"line":443,"column":54}}},"78":{"name":"(anonymous_78)","line":446,"loc":{"start":{"line":446,"column":28},"end":{"line":446,"column":40}}},"79":{"name":"LessThanValidator$$1","line":447,"loc":{"start":{"line":447,"column":4},"end":{"line":447,"column":36}}},"80":{"name":"(anonymous_80)","line":449,"loc":{"start":{"line":449,"column":46},"end":{"line":449,"column":58}}},"81":{"name":"(anonymous_81)","line":452,"loc":{"start":{"line":452,"column":49},"end":{"line":452,"column":68}}},"82":{"name":"(anonymous_82)","line":461,"loc":{"start":{"line":461,"column":46},"end":{"line":461,"column":59}}},"83":{"name":"(anonymous_83)","line":464,"loc":{"start":{"line":464,"column":63},"end":{"line":464,"column":77}}},"84":{"name":"(anonymous_84)","line":480,"loc":{"start":{"line":480,"column":9},"end":{"line":480,"column":23}}},"85":{"name":"(anonymous_85)","line":481,"loc":{"start":{"line":481,"column":11},"end":{"line":481,"column":30}}},"86":{"name":"(anonymous_86)","line":493,"loc":{"start":{"line":493,"column":42},"end":{"line":493,"column":54}}},"87":{"name":"(anonymous_87)","line":496,"loc":{"start":{"line":496,"column":33},"end":{"line":496,"column":45}}},"88":{"name":"LessThanEqualValidator$$1","line":497,"loc":{"start":{"line":497,"column":4},"end":{"line":497,"column":41}}},"89":{"name":"(anonymous_89)","line":499,"loc":{"start":{"line":499,"column":51},"end":{"line":499,"column":63}}},"90":{"name":"(anonymous_90)","line":502,"loc":{"start":{"line":502,"column":54},"end":{"line":502,"column":73}}},"91":{"name":"(anonymous_91)","line":511,"loc":{"start":{"line":511,"column":51},"end":{"line":511,"column":64}}},"92":{"name":"(anonymous_92)","line":514,"loc":{"start":{"line":514,"column":68},"end":{"line":514,"column":82}}},"93":{"name":"(anonymous_93)","line":530,"loc":{"start":{"line":530,"column":10},"end":{"line":530,"column":25}}},"94":{"name":"(anonymous_94)","line":531,"loc":{"start":{"line":531,"column":11},"end":{"line":531,"column":30}}},"95":{"name":"(anonymous_95)","line":543,"loc":{"start":{"line":543,"column":42},"end":{"line":543,"column":54}}},"96":{"name":"(anonymous_96)","line":546,"loc":{"start":{"line":546,"column":23},"end":{"line":546,"column":35}}},"97":{"name":"MaxValidator$$1","line":547,"loc":{"start":{"line":547,"column":4},"end":{"line":547,"column":31}}},"98":{"name":"(anonymous_98)","line":549,"loc":{"start":{"line":549,"column":41},"end":{"line":549,"column":53}}},"99":{"name":"(anonymous_99)","line":552,"loc":{"start":{"line":552,"column":44},"end":{"line":552,"column":63}}},"100":{"name":"(anonymous_100)","line":561,"loc":{"start":{"line":561,"column":41},"end":{"line":561,"column":54}}},"101":{"name":"(anonymous_101)","line":564,"loc":{"start":{"line":564,"column":58},"end":{"line":564,"column":72}}},"102":{"name":"(anonymous_102)","line":580,"loc":{"start":{"line":580,"column":10},"end":{"line":580,"column":25}}},"103":{"name":"(anonymous_103)","line":581,"loc":{"start":{"line":581,"column":11},"end":{"line":581,"column":30}}},"104":{"name":"(anonymous_104)","line":593,"loc":{"start":{"line":593,"column":42},"end":{"line":593,"column":54}}},"105":{"name":"(anonymous_105)","line":596,"loc":{"start":{"line":596,"column":27},"end":{"line":596,"column":39}}},"106":{"name":"MaxDateValidator$$1","line":597,"loc":{"start":{"line":597,"column":4},"end":{"line":597,"column":35}}},"107":{"name":"(anonymous_107)","line":599,"loc":{"start":{"line":599,"column":45},"end":{"line":599,"column":57}}},"108":{"name":"(anonymous_108)","line":602,"loc":{"start":{"line":602,"column":48},"end":{"line":602,"column":67}}},"109":{"name":"(anonymous_109)","line":611,"loc":{"start":{"line":611,"column":45},"end":{"line":611,"column":58}}},"110":{"name":"(anonymous_110)","line":614,"loc":{"start":{"line":614,"column":62},"end":{"line":614,"column":76}}},"111":{"name":"(anonymous_111)","line":630,"loc":{"start":{"line":630,"column":14},"end":{"line":630,"column":33}}},"112":{"name":"(anonymous_112)","line":634,"loc":{"start":{"line":634,"column":11},"end":{"line":634,"column":30}}},"113":{"name":"(anonymous_113)","line":648,"loc":{"start":{"line":648,"column":42},"end":{"line":648,"column":54}}},"114":{"name":"(anonymous_114)","line":651,"loc":{"start":{"line":651,"column":23},"end":{"line":651,"column":35}}},"115":{"name":"MinValidator$$1","line":652,"loc":{"start":{"line":652,"column":4},"end":{"line":652,"column":31}}},"116":{"name":"(anonymous_116)","line":654,"loc":{"start":{"line":654,"column":41},"end":{"line":654,"column":53}}},"117":{"name":"(anonymous_117)","line":657,"loc":{"start":{"line":657,"column":44},"end":{"line":657,"column":63}}},"118":{"name":"(anonymous_118)","line":666,"loc":{"start":{"line":666,"column":41},"end":{"line":666,"column":54}}},"119":{"name":"(anonymous_119)","line":669,"loc":{"start":{"line":669,"column":58},"end":{"line":669,"column":72}}},"120":{"name":"(anonymous_120)","line":685,"loc":{"start":{"line":685,"column":10},"end":{"line":685,"column":25}}},"121":{"name":"(anonymous_121)","line":686,"loc":{"start":{"line":686,"column":11},"end":{"line":686,"column":30}}},"122":{"name":"(anonymous_122)","line":698,"loc":{"start":{"line":698,"column":42},"end":{"line":698,"column":54}}},"123":{"name":"(anonymous_123)","line":701,"loc":{"start":{"line":701,"column":27},"end":{"line":701,"column":39}}},"124":{"name":"MinDateValidator$$1","line":702,"loc":{"start":{"line":702,"column":4},"end":{"line":702,"column":35}}},"125":{"name":"(anonymous_125)","line":704,"loc":{"start":{"line":704,"column":45},"end":{"line":704,"column":57}}},"126":{"name":"(anonymous_126)","line":707,"loc":{"start":{"line":707,"column":48},"end":{"line":707,"column":67}}},"127":{"name":"(anonymous_127)","line":716,"loc":{"start":{"line":716,"column":45},"end":{"line":716,"column":58}}},"128":{"name":"(anonymous_128)","line":719,"loc":{"start":{"line":719,"column":62},"end":{"line":719,"column":76}}},"129":{"name":"(anonymous_129)","line":735,"loc":{"start":{"line":735,"column":14},"end":{"line":735,"column":33}}},"130":{"name":"(anonymous_130)","line":739,"loc":{"start":{"line":739,"column":11},"end":{"line":739,"column":30}}},"131":{"name":"(anonymous_131)","line":753,"loc":{"start":{"line":753,"column":42},"end":{"line":753,"column":54}}},"132":{"name":"(anonymous_132)","line":756,"loc":{"start":{"line":756,"column":28},"end":{"line":756,"column":40}}},"133":{"name":"NotEqualValidator$$1","line":757,"loc":{"start":{"line":757,"column":4},"end":{"line":757,"column":36}}},"134":{"
[...]
$$1.prototype, \"minDate\", void 0);","MinDateValidator$$1 = __decorate([","    _angular_core.Directive({","        selector: '[minDate][formControlName],[minDate][formControl],[minDate][ngModel]',","        providers: [MIN_DATE_VALIDATOR]","    })","], MinDateValidator$$1);","","var minDate = function (minDate) {","    if (!isDate(minDate) && !(minDate instanceof Function)) {","        throw Error('minDate value must be or return a formatted date');","    }","    return function (control) {","        if (isPresent(_angular_forms.Validators.required(control)))","            return null;","        var d = new Date(control.value);","        if (!isDate(d))","            return { minDate: true };","        if (minDate instanceof Function)","            minDate = minDate();","        return d >= new Date(minDate) ? null : { minDate: true };","    };","};","","var NOT_EQUAL_VALIDATOR = {","    provide: _angular_forms.NG_VALIDATORS,","    useExisting: _angular_core.forwardRef(function () { return NotEqualValidator$$1; }),","    multi: true","};","var NotEqualValidator$$1 = (function () {","    function NotEqualValidator$$1() {","    }","    NotEqualValidator$$1.prototype.ngOnInit = function () {","        this.validator = notEqual(this.notEqual);","    };","    NotEqualValidator$$1.prototype.ngOnChanges = function (changes) {","        for (var key in changes) {","            if (key === 'notEqual') {","                this.validator = notEqual(changes[key].currentValue);","                if (this.onChange)","                    this.onChange();","            }","        }","    };","    NotEqualValidator$$1.prototype.validate = function (c) {","        return this.validator(c);","    };","    NotEqualValidator$$1.prototype.registerOnValidatorChange = function (fn) {","        this.onChange = fn;","    };","    return NotEqualValidator$$1;","}());","__decorate([","    _angular_core.Input(),","    __metadata(\"design:type\", Object)","], NotEqualValidator$$1.prototype, \"notEqual\", void 0);","NotEqualValidator$$1 = __decorate([","    _angular_core.Directive({","        selector: '[notEqual][formControlName],[notEqual][formControl],[notEqual][ngModel]',","        providers: [NOT_EQUAL_VALIDATOR]","    })","], NotEqualValidator$$1);","","var notEqual = function (val) {","    return function (control) {","        if (isPresent(_angular_forms.Validators.required(control)))","            return null;","        var v = control.value;","        return val !== v ? null : { notEqual: true };","    };","};","","var NOT_EQUAL_TO_VALIDATOR = {","    provide: _angular_forms.NG_VALIDATORS,","    useExisting: _angular_core.forwardRef(function () { return NotEqualToValidator$$1; }),","    multi: true","};","var NotEqualToValidator$$1 = (function () {","    function NotEqualToValidator$$1() {","    }","    NotEqualToValidator$$1.prototype.ngOnInit = function () {","        this.validator = notEqualTo(this.notEqualTo);","    };","    NotEqualToValidator$$1.prototype.validate = function (c) {","        return this.validator(c);","    };","    return NotEqualToValidator$$1;","}());","__decorate([","    _angular_core.Input(),","    __metadata(\"design:type\", typeof (_a$1 = typeof _angular_forms.FormControl !== \"undefined\" && _angular_forms.FormControl) === \"function\" && _a$1 || Object)","], NotEqualToValidator$$1.prototype, \"notEqualTo\", void 0);","NotEqualToValidator$$1 = __decorate([","    _angular_core.Directive({","        selector: '[notEqualTo][formControlName],[notEqualTo][formControl],[notEqualTo][ngModel]',","        providers: [NOT_EQUAL_TO_VALIDATOR]","    })","], NotEqualToValidator$$1);","var _a$1;","","var notEqualTo = function (notEqualControl) {","    var subscribe = false;","    return function (control) {","        if (!subscribe) {","            subscribe = true;","            notEqualControl.valueChanges.subscribe(function () {","                control.updateValueAndValidity();","            });","        }","        var v = control.value;","        return notEqualControl.value !== v ? null : { notEqualTo: true };","    };","};","","var NUMBER_VALIDATOR = {","    provide: _angular_forms.NG_VALIDATORS,","    useExisting: _angular_core.forwardRef(function () { return NumberValidator$$1; }),","    multi: true","};","var NumberValidator$$1 = (function () {","    function NumberValidator$$1() {","    }","    NumberValidator$$1.prototype.validate = function (c) {","        return number(c);","    };","    return NumberValidator$$1;","}());","NumberValidator$$1 = __decorate([","    _angular_core.Directive({","        selector: '[number][formControlName],[number][formControl],[number][ngModel]',","        providers: [NUMBER_VALIDATOR]","    })","], NumberValidator$$1);","","var number = function (control) {","    if (isPresent(_angular_forms.Validators.required(control)))","        return null;","    var v = control.value;","    return /^(?:-?\\d+|-?\\d{1,3}(?:,\\d{3})+)?(?:\\.\\d+)?$/.test(v) ? null : { 'number': true };","};","","var PHONE_VALIDATOR = {","    provide: _angular_forms.NG_VALIDATORS,","    useExisting: _angular_core.forwardRef(function () { return PhoneValidator$$1; }),","    multi: true","};","var PhoneValidator$$1 = (function () {","    function PhoneValidator$$1() {","    }","    PhoneValidator$$1.prototype.ngOnInit = function () {","        this.validator = phone(this.phone);","    };","    PhoneValidator$$1.prototype.ngOnChanges = function (changes) {","        for (var key in changes) {","            if (key === 'phone') {","                this.validator = phone(changes[key].currentValue);","                if (this.onChange)","                    this.onChange();","            }","        }","    };","    PhoneValidator$$1.prototype.validate = function (c) {","        return this.validator(c);","    };","    PhoneValidator$$1.prototype.registerOnValidatorChange = function (fn) {","        this.onChange = fn;","    };","    return PhoneValidator$$1;","}());","__decorate([","    _angular_core.Input(),","    __metadata(\"design:type\", String)","], PhoneValidator$$1.prototype, \"phone\", void 0);","PhoneValidator$$1 = __decorate([","    _angular_core.Directive({","        selector: '[phone][formControlName],[phone][formControl],[phone][ngModel]',","        providers: [PHONE_VALIDATOR]","    })","], PhoneValidator$$1);","","var phone = function (country) {","    return function (control) {","        if (isPresent(_angular_forms.Validators.required(control)))","            return null;","        var v = control.value;","        return libphonenumberJs.isValidNumber({ phone: v, country: country }) ? null : { phone: true };","    };","};","","var RANGE_VALIDATOR = {","    provide: _angular_forms.NG_VALIDATORS,","    useExisting: _angular_core.forwardRef(function () { return RangeValidator$$1; }),","    multi: true","};","var RangeValidator$$1 = (function () {","    function RangeValidator$$1() {","    }","    RangeValidator$$1.prototype.ngOnInit = function () {","        this.validator = range(this.range);","    };","    RangeValidator$$1.prototype.ngOnChanges = function (changes) {","        for (var key in changes) {","            if (key === 'range') {","                this.validator = range(changes[key].currentValue);","                if (this.onChange)","                    this.onChange();","            }","        }","    };","    RangeValidator$$1.prototype.validate = function (c) {","        return this.validator(c);","    };","    RangeValidator$$1.prototype.registerOnValidatorChange = function (fn) {","        this.onChange = fn;","    };","    return RangeValidator$$1;","}());","__decorate([","    _angular_core.Input(),","    __metadata(\"design:type\", Array)","], RangeValidator$$1.prototype, \"range\", void 0);","RangeValidator$$1 = __decorate([","    _angular_core.Directive({","        selector: '[range][formControlName],[range][formControl],[range][ngModel]',","        providers: [RANGE_VALIDATOR]","    })","], RangeValidator$$1);","","var range = function (range) {","    return function (control) {","        if (!isPresent(range))","            return null;","        if (isPresent(_angular_forms.Validators.required(control)))","            return null;","        var v = +control.value;","        return v >= range[0] && v <= range[1] ? null : { range: true };","    };","};","","var RANGE_LENGTH_VALIDATOR = {","    provide: _angular_forms.NG_VALIDATORS,","    useExisting: _angular_core.forwardRef(function () { return RangeLengthValidator$$1; }),","    multi: true","};","var RangeLengthValidator$$1 = (function () {","    function RangeLengthValidator$$1() {","    }","    RangeLengthValidator$$1.prototype.ngOnInit = function () {","        this.validator = rangeLength(this.rangeLength);","    };","    RangeLengthValidator$$1.prototype.ngOnChanges = function (changes) {","        for (var key in changes) {","            if (key === 'rangeLength') {","                this.validator = rangeLength(changes[key].currentValue);","                if (this.onChange)","                    this.onChange();","            }","        }","    };","    RangeLengthValidator$$1.prototype.validate = function (c) {","        return this.validator(c);","    };","    RangeLengthValidator$$1.prototype.registerOnValidatorChange = function (fn) {","        this.onChange = fn;","    };","    return RangeLengthValidator$$1;","}());","__decorate([","    _angular_core.Input(),","    __metadata(\"design:type\", Array)","], RangeLengthValidator$$1.prototype, \"rangeLength\", void 0);","RangeLengthValidator$$1 = __decorate([","    _angular_core.Directive({","        selector: '[rangeLength][formControlName],[rangeLength][formControl],[rangeLength][ngModel]',","        providers: [RANGE_LENGTH_VALIDATOR]","    })","], RangeLengthValidator$$1);","","var rangeLength = function (rangeLength) {","    return function (control) {","        if (!isPresent(rangeLength))","            return null;","        if (isPresent(_angular_forms.Validators.required(control)))","            return null;","        var v = control.value;","        return v.length >= rangeLength[0] && v.length <= rangeLength[1] ? null : { rangeLength: true };","    };","};","","var URL_VALIDATOR = {","    provide: _angular_forms.NG_VALIDATORS,","    useExisting: _angular_core.forwardRef(function () { return UrlValidator$$1; }),","    multi: true","};","var UrlValidator$$1 = (function () {","    function UrlValidator$$1() {","    }","    UrlValidator$$1.prototype.validate = function (c) {","        return url(c);","    };","    return UrlValidator$$1;","}());","UrlValidator$$1 = __decorate([","    _angular_core.Directive({","        selector: '[url][formControlName],[url][formControl],[url][ngModel]',","        providers: [URL_VALIDATOR]","    })","], UrlValidator$$1);","","var url = function (control) {","    if (isPresent(_angular_forms.Validators.required(control)))","        return null;","    var v = control.value;","    return /^(?:(?:(?:https?|ftp):)?\\/\\/)(?:\\S+(?::\\S*)?@)?(?:(?!(?:10|127)(?:\\.\\d{1,3}){3})(?!(?:169\\.254|192\\.168)(?:\\.\\d{1,3}){2})(?!172\\.(?:1[6-9]|2\\d|3[0-1])(?:\\.\\d{1,3}){2})(?:[1-9]\\d?|1\\d\\d|2[01]\\d|22[0-3])(?:\\.(?:1?\\d{1,2}|2[0-4]\\d|25[0-5])){2}(?:\\.(?:[1-9]\\d?|1\\d\\d|2[0-4]\\d|25[0-4]))|(?:(?:[a-z\\u00a1-\\uffff0-9]-*)*[a-z\\u00a1-\\uffff0-9]+)(?:\\.(?:[a-z\\u00a1-\\uffff0-9]-*)*[a-z\\u00a1-\\uffff0-9]+)*(?:\\.(?:[a-z\\u00a1-\\uffff]{2,})).?)(?::\\d{2,5})?(?:[/?#]\\S*)?$/i.test(v) ? null : { 'url': true };","};","","var UUID_VALIDATOR = {","    provide: _angular_forms.NG_VALIDATORS,","    useExisting: _angular_core.forwardRef(function () { return UUIDValidator$$1; }),","    multi: true","};","var UUIDValidator$$1 = (function () {","    function UUIDValidator$$1() {","    }","    UUIDValidator$$1.prototype.ngOnInit = function () {","        this.validator = uuid(this.uuid);","    };","    UUIDValidator$$1.prototype.ngOnChanges = function (changes) {","        for (var key in changes) {","            if (key === 'uuid') {","                this.validator = uuid(changes[key].currentValue);","                if (this.onChange)","                    this.onChange();","            }","        }","    };","    UUIDValidator$$1.prototype.validate = function (c) {","        return this.validator(c);","    };","    UUIDValidator$$1.prototype.registerOnValidatorChange = function (fn) {","        this.onChange = fn;","    };","    return UUIDValidator$$1;","}());","__decorate([","    _angular_core.Input(),","    __metadata(\"design:type\", Object)","], UUIDValidator$$1.prototype, \"uuid\", void 0);","UUIDValidator$$1 = __decorate([","    _angular_core.Directive({","        selector: '[uuid][formControlName],[uuid][formControl],[uuid][ngModel]',","        providers: [UUID_VALIDATOR]","    })","], UUIDValidator$$1);","","var uuids = {","    '3': /^[0-9A-F]{8}-[0-9A-F]{4}-3[0-9A-F]{3}-[0-9A-F]{4}-[0-9A-F]{12}$/i,","    '4': /^[0-9A-F]{8}-[0-9A-F]{4}-4[0-9A-F]{3}-[89AB][0-9A-F]{3}-[0-9A-F]{12}$/i,","    '5': /^[0-9A-F]{8}-[0-9A-F]{4}-5[0-9A-F]{3}-[89AB][0-9A-F]{3}-[0-9A-F]{12}$/i,","    'all': /^[0-9A-F]{8}-[0-9A-F]{4}-[0-9A-F]{4}-[0-9A-F]{4}-[0-9A-F]{12}$/i","};","var uuid = function (version) {","    return function (control) {","        if (isPresent(_angular_forms.Validators.required(control)))","            return null;","        var v = control.value;","        var pattern = uuids[version] || uuids.all;","        return (new RegExp(pattern)).test(v) ? null : { uuid: true };","    };","};","","var CustomValidators = {","    base64: base64,","    creditCard: creditCard,","    date: date,","    dateISO: dateISO,","    digits: digits,","    email: email,","    equal: equal,","    equalTo: equalTo,","    gt: gt,","    gte: gte,","    json: json,","    lt: lt,","    lte: lte,","    max: max,","    maxDate: maxDate,","    min: min,","    minDate: minDate,","    notEqual: notEqual,","    notEqualTo: notEqualTo,","    number: number,","    phone: phone,","    range: range,","    rangeLength: rangeLength,","    url: url,","    uuid: uuid","};","var CUSTOM_FORM_DIRECTIVES = [","    Base64Validator$$1,","    CreditCardValidator$$1,","    DateValidator$$1,","    DateISOValidator$$1,","    DigitsValidator$$1,","    EmailValidator$$1,","    EqualValidator$$1,","    EqualToValidator$$1,","    GreaterThanValidator$$1,","    GreaterThanEqualValidator$$1,","    JSONValidator$$1,","    LessThanValidator$$1,","    LessThanEqualValidator$$1,","    MaxValidator$$1,","    MaxDateValidator$$1,","    MinValidator$$1,","    MinDateValidator$$1,","    NotEqualValidator$$1,","    NotEqualToValidator$$1,","    NumberValidator$$1,","    PhoneValidator$$1,","    RangeValidator$$1,","    RangeLengthValidator$$1,","    UrlValidator$$1,","    UUIDValidator$$1","];","exports.CustomFormsModule = (function () {","    function CustomFormsModule() {","    }","    return CustomFormsModule;","}());","exports.CustomFormsModule = __decorate([","    _angular_core.NgModule({","        declarations: [CUSTOM_FORM_DIRECTIVES],","        exports: [CUSTOM_FORM_DIRECTIVES]","    })","], exports.CustomFormsModule);","","exports.CustomValidators = CustomValidators;","","Object.defineProperty(exports, '__esModule', { value: true });","","})));","//# sourceMappingURL=ng2-validation.umd.js.map",""],"l":{"1":2,"2":2,"7":1,"8":0,"9":0,"10":0,"11":0,"14":1,"15":0,"18":0,"20":0,"23":0,"24":1,"26":0,"27":0,"29":0,"31":0,"38":1,"39":0,"41":1,"42":0,"45":0,"46":0,"47":0,"48":0,"49":0,"52":0,"54":0,"57":0,"58":1,"60":0,"61":0,"63":0,"65":0,"72":0,"73":0,"74":0,"75":0,"76":0,"78":0,"79":0,"81":0,"82":0,"83":0,"84":0,"85":0,"86":0,"87":0,"88":0,"89":0,"90":0,"91":0,"94":0,"98":0,"100":0,"102":0,"103":0,"105":0,"108":0,"110":0,"113":0,"114":1,"116":0,"117":0,"119":0,"121":0,"128":0,"129":0,"130":0,"131":0,"132":0,"135":0,"137":0,"140":0,"141":1,"143":0,"144":0,"146":0,"148":0,"155":0,"156":0,"157":0,"158":0,"159":0,"162":0,"164":0,"167":0,"168":1,"170":0,"171":0,"173":0,"175":0,"182":0,"183":0,"184":0,"185":0,"186":0,"189":0,"191":0,"194":0,"195":1,"197":0,"198":0,"200":0,"202":0,"209":0,"210":0,"211":0,"212":0,"213":0,"216":0,"218":0,"221":0,"222":1,"224":0,"225":0,"227":0,"228":0,"229":0,"230":0,"231":0,"232":0,"236":0,"237":0,"239":0,"240":0,"242":0,"244":0,"248":0,"255":0,"256":0,"257":0,"258":0,"259":0,"260":0,"264":0,"266":0,"269":0,"270":1,"272":0,"273":0,"275":0,"276":0,"278":0,"280":0,"284":0,"290":0,"292":0,"293":0,"294":0,"295":0,"296":0,"297":0,"298":0,"301":0,"302":0,"306":0,"308":0,"311":0,"312":1,"314":0,"315":0,"317":0,"318":0,"319":0,"320":0,"321":0,"322":0,"326":0,"327":0,"329":0,"330":0,"332":0,"334":0,"338":0,"345":0,"346":0,"347":0,"348":0,"349":0,"350":0,"351":0,"352":0,"356":0,"358":0,"361":0,"362":1,"364":0,"365":0,"367":0,"368":0,"369":0,"370":0,"371":0,"372":0,"376":0,"377":0,"379":0,"380":0,"382":0,"384":0,"388":0,"395":0,"396":0,"397":0,"398":0,"399":0,"400":0,"401":0,"402":0,"406":0,"408":0,"411":0,"412":1,"414":0,"415":0,"417":0,"419":0,"426":0,"427":0,"428":0,"429":0,"430":0,"431":0,"432":0,"433":0,"438":0,"441":0,"443":0,"446":0,"447":1,"449":0,"450":0,"452":0,"453":0,"454":0,"455":0,"456":0,"457":0,"461":0,"462":0,"464":0,"465":0,"467":0,"469":0,"473":0,"480":0,"481":0,"482":0,"483":0,"484":0,"485":0,"486":0,"487":0,"491":0,"493":0,"496":0,"497":1,"499":0,"500":0,"502":0,"503":0,"504":0,"505":0,"506":0,"507":0,"511":0,"512":0,"514":0,"515":0,"517":0,"519":0,"523":0,"530":0,"531":0,"532":0,"533":0,"534":0,"535":0,"536":0,"537":0,"541":0,"543":0,"546":0,"547":1,"549":0,"550":0,"552":0,"553":0,"554":0,"555":0,"556":0,"557":0,"561":0,"562":0,"564":0,"565":0,"567":0,"569":0,"573":0,"580":0,"581":0,"582":0,"583":0,"584":0,"585":0,"586":0,"587":0,"591":0,"593":0,"596":0,"597":1,"599":0,"600":0,"602":0,"603":0,"604":0,"605":0,"606":0,"607":0,"611":0,"612":0,"614":0,"615":0,"617":0,"619":0,"623":0,"630":0,"631":0,"632":0,"634":0,"635":0,"636":0,"637":0,"638":0,"639":0,"640":0,"641":0,"642":0,"646":0,"648":0,"651":0,"652":1,"654":0,"655":0,"657":0,"658":0,"659":0,"660":0,"661":0,"662":0,"666":0,"667":0,"669":0,"670":0,"672":0,"674":0,"678":0,"685":0,"686":0,"687":0,"688":0,"689":0,"690":0,"691":0,"692":0,"696":0,"698":0,"701":0,"702":1,"704":0,"705":0,"707":0,"708":0,"709":0,"710":0,"711":0,"712":0,"716":0,"717":0,"719":0,"720":0,"722":0,"724":0,"728":0,"735":0,"736":0,"737":0,"739":0,"740":0,"741":0,"742":0,"743":0,"744":0,"745":0,"746":0,"747":0,"751":0,"753":0,"756":0,"757":1,"759":0,"760":0,"762":0,"763":0,"764":0,"765":0,"766":0,"767":0,"771":0,"772":0,"774":0,"775":0,"777":0,"779":0,"783":0,"790":0,"791":0,"792":0,"793":0,"794":0,"795":0,"799":0,"801":0,"804":0,"805":1,"807":0,"808":0,"810":0,"811":0,"813":0,"815":0,"819":0,"825":0,"827":0,"828":0,"829":0,"830":0,"831":0,"832":0,"833":0,"836":0,"837":0,"841":0,"843":0,"846":0,"847":1,"849":0,"850":0,"852":0,"854":0,"861":0,"862":0,"863":0,"864":0,"865":0,"868":0,"870":0,"873":0,"874":1,"876":0,"877":0,"879":0,"880":0,"881":0,"882":0,"883":0,"884":0,"888":0,"889":0,"891":0,"892":0,"894":0,"896":0,"900":0,"907":0,"908":0,"909":0,"910":0,"911":0,"912":0,"916":0,"918":0,"921":0,"922":1,"924":0,"925":0,"927":0,"928":0,"929":0,"930":0,"931":0,"932":0,"936":0,"937":0,"939":0,"940":0,"942":0,"944":0,"948":0,"955":0,"956":0,"957":0,"958":0,"959":0,"960":0,"961":0,"962":0,"966":0,"968":0,"971":0,"972":1,"974":0,"975":0,"977":0,"978":0,"979":0,"980":0,"981":0,"982":0,"986":0,"987":0,"989":0,"990":0,"992":0,"994":0,"998":0,"1005":0,"1006":0,"1007":0,"1008":0,"1009":0,"1010":0,"1011":0,"1012":0,"1016":0,"1018":0,"1021":0,"1022":1,"1024":0,"1025":0,"1027":0,"1029":0,"1036":0,"1037":0,"1038":0,"1039":0,"1040":0,"1043":0,"1045":0,"1048":0,"1049":1,"1051":0,"1052":0,"1054":0,"1055":0,"1056":0,"1057":0,"1058":0,"1059":0,"1063":0,"1064":0,"1066":0,"1067":0,"1069":0,"1071":0,"1075":0,"1082":0,"1088":0,"1089":0,"1090":0,"1091":0,"1092":0,"1093":0,"1094":0,"1098":0,"1125":0,"1152":0,"1153":1,"1155":0,"1157":0,"1164":0,"1166":0}}}